[ 2015-03-09T10:25:48+08:00 ] ::1 /ddserver/admin.php
INFO: [ app_init ] --START--
INFO: Run Behavior\BuildLiteBehavior [ RunTime:0.000031s ]
INFO: [ app_init ] --END-- [ RunTime:0.002393s ]
INFO: [ app_begin ] --START--
INFO: Run Behavior\ReadHtmlCacheBehavior [ RunTime:0.001196s ]
INFO: [ app_begin ] --END-- [ RunTime:0.001296s ]

[ 2015-03-09T10:25:48+08:00 ] ::1 /ddserver/admin.php/home/public/login
INFO: [ app_init ] --START--
INFO: Run Behavior\BuildLiteBehavior [ RunTime:0.000011s ]
INFO: [ app_init ] --END-- [ RunTime:0.000293s ]
INFO: [ app_begin ] --START--
INFO: Run Behavior\ReadHtmlCacheBehavior [ RunTime:0.000293s ]
INFO: [ app_begin ] --END-- [ RunTime:0.000322s ]
INFO: [ view_parse ] --START--
INFO: [ template_filter ] --START--
INFO: Run Behavior\ContentReplaceBehavior [ RunTime:0.000059s ]
INFO: [ template_filter ] --END-- [ RunTime:0.000119s ]
INFO: Run Behavior\ParseTemplateBehavior [ RunTime:0.011460s ]
INFO: [ view_parse ] --END-- [ RunTime:0.011525s ]
INFO: [ view_filter ] --START--
INFO: Run Behavior\WriteHtmlCacheBehavior [ RunTime:0.000507s ]
INFO: [ view_filter ] --END-- [ RunTime:0.000553s ]
INFO: [ app_end ] --START--
INFO: Run Behavior\ShowPageTraceBehavior [ RunTime:0.000981s ]
INFO: [ app_end ] --END-- [ RunTime:0.001087s ]

[ 2015-03-09T10:25:48+08:00 ] ::1 /ddserver/admin.php/home/public/verify
INFO: [ app_init ] --START--
INFO: Run Behavior\BuildLiteBehavior [ RunTime:0.000019s ]
INFO: [ app_init ] --END-- [ RunTime:0.000675s ]
INFO: [ app_begin ] --START--
INFO: Run Behavior\ReadHtmlCacheBehavior [ RunTime:0.000525s ]
INFO: [ app_begin ] --END-- [ RunTime:0.000590s ]
INFO: [ app_end ] --START--
INFO: Run Behavior\ShowPageTraceBehavior [ RunTime:0.001026s ]
INFO: [ app_end ] --END-- [ RunTime:0.001121s ]

[ 2015-03-09T10:25:54+08:00 ] ::1 /ddserver/admin.php/home/public/login
INFO: [ app_init ] --START--
INFO: Run Behavior\BuildLiteBehavior [ RunTime:0.000036s ]
INFO: [ app_init ] --END-- [ RunTime:0.000662s ]
INFO: [ app_begin ] --START--
INFO: Run Behavior\ReadHtmlCacheBehavior [ RunTime:0.000416s ]
INFO: [ app_begin ] --END-- [ RunTime:0.000467s ]
SQL: SHOW COLUMNS FROM `dudu_admin_auth` [ RunTime:0.0297s ]
SQL: SELECT * FROM `dudu_admin_auth` WHERE `username` = 'admin001' LIMIT 1   [ RunTime:0.0071s ]

[ 2015-03-09T10:25:54+08:00 ] ::1 /ddserver/admin.php/home/index/index
INFO: [ app_init ] --START--
INFO: Run Behavior\BuildLiteBehavior [ RunTime:0.000013s ]
INFO: [ app_init ] --END-- [ RunTime:0.000295s ]
INFO: [ app_begin ] --START--
INFO: Run Behavior\ReadHtmlCacheBehavior [ RunTime:0.000281s ]
INFO: [ app_begin ] --END-- [ RunTime:0.000312s ]
INFO: [ view_parse ] --START--
INFO: [ template_filter ] --START--
INFO: Run Behavior\ContentReplaceBehavior [ RunTime:0.000125s ]
INFO: [ template_filter ] --END-- [ RunTime:0.000205s ]
NOTIC: [8] Undefined variable: __MENU__ /Applications/XAMPP/xamppfiles/htdocs/ddserver/Admin/Runtime/Cache/Home/7f991c1dfec338bd4f6c37d5d06f6731.php 第 68 行.
NOTIC: [8] Use of undefined constant moneyReq - assumed 'moneyReq' /Applications/XAMPP/xamppfiles/htdocs/ddserver/Admin/Runtime/Cache/Home/7f991c1dfec338bd4f6c37d5d06f6731.php 第 116 行.
INFO: Run Behavior\ParseTemplateBehavior [ RunTime:0.018379s ]
INFO: [ view_parse ] --END-- [ RunTime:0.018425s ]
INFO: [ view_filter ] --START--
INFO: Run Behavior\WriteHtmlCacheBehavior [ RunTime:0.000191s ]
INFO: [ view_filter ] --END-- [ RunTime:0.000224s ]
INFO: [ app_end ] --START--
INFO: Run Behavior\ShowPageTraceBehavior [ RunTime:0.000606s ]
INFO: [ app_end ] --END-- [ RunTime:0.000708s ]

[ 2015-03-09T10:25:56+08:00 ] ::1 /ddserver/admin.php/home/index/moneyreq
INFO: [ app_init ] --START--
INFO: Run Behavior\BuildLiteBehavior [ RunTime:0.000018s ]
INFO: [ app_init ] --END-- [ RunTime:0.000359s ]
INFO: [ app_begin ] --START--
INFO: Run Behavior\ReadHtmlCacheBehavior [ RunTime:0.000442s ]
INFO: [ app_begin ] --END-- [ RunTime:0.000499s ]
SQL: SHOW COLUMNS FROM `dudu_draw_money` [ RunTime:0.0025s ]
SQL: SELECT * FROM `dudu_draw_money` ORDER BY state,createtime desc  [ RunTime:0.0008s ]
SQL: SHOW COLUMNS FROM `dudu_park_info` [ RunTime:0.0041s ]
SQL: SELECT * FROM `dudu_park_info` WHERE `id` = 1 LIMIT 1   [ RunTime:0.0017s ]
INFO: [ view_parse ] --START--
INFO: [ template_filter ] --START--
INFO: Run Behavior\ContentReplaceBehavior [ RunTime:0.000064s ]
INFO: [ template_filter ] --END-- [ RunTime:0.000102s ]
NOTIC: [8] Undefined variable: meta_title /Applications/XAMPP/xamppfiles/htdocs/ddserver/Admin/Runtime/Cache/Home/dc0cbbd6d4a0c64f3e9f69e330d39820.php 第 5 行.
NOTIC: [8] Undefined variable: __MENU__ /Applications/XAMPP/xamppfiles/htdocs/ddserver/Admin/Runtime/Cache/Home/dc0cbbd6d4a0c64f3e9f69e330d39820.php 第 64 行.
INFO: Run Behavior\ParseTemplateBehavior [ RunTime:0.009036s ]
INFO: [ view_parse ] --END-- [ RunTime:0.009079s ]
INFO: [ view_filter ] --START--
INFO: Run Behavior\WriteHtmlCacheBehavior [ RunTime:0.000101s ]
INFO: [ view_filter ] --END-- [ RunTime:0.000123s ]
INFO: [ app_end ] --START--
INFO: Run Behavior\ShowPageTraceBehavior [ RunTime:0.000422s ]
INFO: [ app_end ] --END-- [ RunTime:0.000464s ]

[ 2015-03-09T10:26:10+08:00 ] ::1 /ddserver/admin.php/home/index/moneyreq
INFO: [ app_init ] --START--
INFO: Run Behavior\BuildLiteBehavior [ RunTime:0.000017s ]
INFO: [ app_init ] --END-- [ RunTime:0.000435s ]
INFO: [ app_begin ] --START--
INFO: Run Behavior\ReadHtmlCacheBehavior [ RunTime:0.000788s ]
INFO: [ app_begin ] --END-- [ RunTime:0.000894s ]
SQL: SHOW COLUMNS FROM `dudu_draw_money` [ RunTime:0.0021s ]
SQL: SELECT * FROM `dudu_draw_money` ORDER BY state,createtime desc  [ RunTime:0.0004s ]
SQL: SHOW COLUMNS FROM `dudu_park_info` [ RunTime:0.0022s ]
SQL: SELECT * FROM `dudu_park_info` WHERE `id` = 1 LIMIT 1   [ RunTime:0.0007s ]
INFO: [ view_parse ] --START--
INFO: [ template_filter ] --START--
INFO: Run Behavior\ContentReplaceBehavior [ RunTime:0.000089s ]
INFO: [ template_filter ] --END-- [ RunTime:0.000140s ]
NOTIC: [8] Undefined variable: meta_title /Applications/XAMPP/xamppfiles/htdocs/ddserver/Admin/Runtime/Cache/Home/dc0cbbd6d4a0c64f3e9f69e330d39820.php 第 5 行.
NOTIC: [8] Undefined variable: __MENU__ /Applications/XAMPP/xamppfiles/htdocs/ddserver/Admin/Runtime/Cache/Home/dc0cbbd6d4a0c64f3e9f69e330d39820.php 第 64 行.
INFO: Run Behavior\ParseTemplateBehavior [ RunTime:0.020185s ]
INFO: [ view_parse ] --END-- [ RunTime:0.020276s ]
INFO: [ view_filter ] --START--
INFO: Run Behavior\WriteHtmlCacheBehavior [ RunTime:0.000175s ]
INFO: [ view_filter ] --END-- [ RunTime:0.000214s ]
INFO: [ app_end ] --START--
INFO: Run Behavior\ShowPageTraceBehavior [ RunTime:0.000797s ]
INFO: [ app_end ] --END-- [ RunTime:0.000892s ]

[ 2015-03-09T10:26:22+08:00 ] ::1 /ddserver/admin.php/home/index/moneyreq
INFO: [ app_init ] --START--
INFO: Run Behavior\BuildLiteBehavior [ RunTime:0.000015s ]
INFO: [ app_init ] --END-- [ RunTime:0.000349s ]
INFO: [ app_begin ] --START--
INFO: Run Behavior\ReadHtmlCacheBehavior [ RunTime:0.000666s ]
INFO: [ app_begin ] --END-- [ RunTime:0.000754s ]
SQL: SHOW COLUMNS FROM `dudu_draw_money` [ RunTime:0.0021s ]
SQL: SELECT * FROM `dudu_draw_money` ORDER BY state,createtime desc  [ RunTime:0.0004s ]
SQL: SHOW COLUMNS FROM `dudu_park_info` [ RunTime:0.0019s ]
SQL: SELECT * FROM `dudu_park_info` WHERE `id` = 1 LIMIT 1   [ RunTime:0.0005s ]
INFO: [ view_parse ] --START--
INFO: [ template_filter ] --START--
INFO: Run Behavior\ContentReplaceBehavior [ RunTime:0.000073s ]
INFO: [ template_filter ] --END-- [ RunTime:0.000113s ]
NOTIC: [8] Undefined variable: meta_title /Applications/XAMPP/xamppfiles/htdocs/ddserver/Admin/Runtime/Cache/Home/dc0cbbd6d4a0c64f3e9f69e330d39820.php 第 5 行.
NOTIC: [8] Undefined variable: __MENU__ /Applications/XAMPP/xamppfiles/htdocs/ddserver/Admin/Runtime/Cache/Home/dc0cbbd6d4a0c64f3e9f69e330d39820.php 第 64 行.
INFO: Run Behavior\ParseTemplateBehavior [ RunTime:0.010580s ]
INFO: [ view_parse ] --END-- [ RunTime:0.010639s ]
INFO: [ view_filter ] --START--
INFO: Run Behavior\WriteHtmlCacheBehavior [ RunTime:0.000149s ]
INFO: [ view_filter ] --END-- [ RunTime:0.000180s ]
INFO: [ app_end ] --START--
INFO: Run Behavior\ShowPageTraceBehavior [ RunTime:0.000511s ]
INFO: [ app_end ] --END-- [ RunTime:0.000560s ]

[ 2015-03-09T10:26:25+08:00 ] ::1 /ddserver/admin.php/home/index/moneyreq
INFO: [ app_init ] --START--
INFO: Run Behavior\BuildLiteBehavior [ RunTime:0.000010s ]
INFO: [ app_init ] --END-- [ RunTime:0.000226s ]
INFO: [ app_begin ] --START--
INFO: Run Behavior\ReadHtmlCacheBehavior [ RunTime:0.000394s ]
INFO: [ app_begin ] --END-- [ RunTime:0.000425s ]
SQL: SHOW COLUMNS FROM `dudu_draw_money` [ RunTime:0.0021s ]
SQL: SELECT * FROM `dudu_draw_money` ORDER BY state,createtime desc  [ RunTime:0.0005s ]
SQL: SHOW COLUMNS FROM `dudu_park_info` [ RunTime:0.0021s ]
SQL: SELECT * FROM `dudu_park_info` WHERE `id` = 1 LIMIT 1   [ RunTime:0.0005s ]
INFO: [ view_parse ] --START--
INFO: [ template_filter ] --START--
INFO: Run Behavior\ContentReplaceBehavior [ RunTime:0.000085s ]
INFO: [ template_filter ] --END-- [ RunTime:0.000149s ]
NOTIC: [8] Undefined variable: meta_title /Applications/XAMPP/xamppfiles/htdocs/ddserver/Admin/Runtime/Cache/Home/dc0cbbd6d4a0c64f3e9f69e330d39820.php 第 5 行.
NOTIC: [8] Undefined variable: __MENU__ /Applications/XAMPP/xamppfiles/htdocs/ddserver/Admin/Runtime/Cache/Home/dc0cbbd6d4a0c64f3e9f69e330d39820.php 第 64 行.
INFO: Run Behavior\ParseTemplateBehavior [ RunTime:0.009513s ]
INFO: [ view_parse ] --END-- [ RunTime:0.009555s ]
INFO: [ view_filter ] --START--
INFO: Run Behavior\WriteHtmlCacheBehavior [ RunTime:0.000149s ]
INFO: [ view_filter ] --END-- [ RunTime:0.000173s ]
INFO: [ app_end ] --START--
INFO: Run Behavior\ShowPageTraceBehavior [ RunTime:0.000376s ]
INFO: [ app_end ] --END-- [ RunTime:0.000416s ]

[ 2015-03-09T10:26:28+08:00 ] ::1 /ddserver/admin.php/home/index/index
INFO: [ app_init ] --START--
INFO: Run Behavior\BuildLiteBehavior [ RunTime:0.000010s ]
INFO: [ app_init ] --END-- [ RunTime:0.000215s ]
INFO: [ app_begin ] --START--
INFO: Run Behavior\ReadHtmlCacheBehavior [ RunTime:0.000268s ]
INFO: [ app_begin ] --END-- [ RunTime:0.000299s ]
INFO: [ view_parse ] --START--
INFO: [ template_filter ] --START--
INFO: Run Behavior\ContentReplaceBehavior [ RunTime:0.000099s ]
INFO: [ template_filter ] --END-- [ RunTime:0.000160s ]
NOTIC: [8] Undefined variable: __MENU__ /Applications/XAMPP/xamppfiles/htdocs/ddserver/Admin/Runtime/Cache/Home/7f991c1dfec338bd4f6c37d5d06f6731.php 第 68 行.
NOTIC: [8] Use of undefined constant moneyReq - assumed 'moneyReq' /Applications/XAMPP/xamppfiles/htdocs/ddserver/Admin/Runtime/Cache/Home/7f991c1dfec338bd4f6c37d5d06f6731.php 第 116 行.
INFO: Run Behavior\ParseTemplateBehavior [ RunTime:0.015790s ]
INFO: [ view_parse ] --END-- [ RunTime:0.015840s ]
INFO: [ view_filter ] --START--
INFO: Run Behavior\WriteHtmlCacheBehavior [ RunTime:0.000193s ]
INFO: [ view_filter ] --END-- [ RunTime:0.000237s ]
INFO: [ app_end ] --START--
INFO: Run Behavior\ShowPageTraceBehavior [ RunTime:0.000482s ]
INFO: [ app_end ] --END-- [ RunTime:0.000527s ]

[ 2015-03-09T10:26:30+08:00 ] ::1 /ddserver/admin.php/home/index/index
INFO: [ app_init ] --START--
INFO: Run Behavior\BuildLiteBehavior [ RunTime:0.000012s ]
INFO: [ app_init ] --END-- [ RunTime:0.000260s ]
INFO: [ app_begin ] --START--
INFO: Run Behavior\ReadHtmlCacheBehavior [ RunTime:0.000552s ]
INFO: [ app_begin ] --END-- [ RunTime:0.000646s ]
INFO: [ view_parse ] --START--
INFO: [ template_filter ] --START--
INFO: Run Behavior\ContentReplaceBehavior [ RunTime:0.000072s ]
INFO: [ template_filter ] --END-- [ RunTime:0.000120s ]
NOTIC: [8] Undefined variable: __MENU__ /Applications/XAMPP/xamppfiles/htdocs/ddserver/Admin/Runtime/Cache/Home/7f991c1dfec338bd4f6c37d5d06f6731.php 第 68 行.
NOTIC: [8] Use of undefined constant moneyReq - assumed 'moneyReq' /Applications/XAMPP/xamppfiles/htdocs/ddserver/Admin/Runtime/Cache/Home/7f991c1dfec338bd4f6c37d5d06f6731.php 第 116 行.
INFO: Run Behavior\ParseTemplateBehavior [ RunTime:0.016755s ]
INFO: [ view_parse ] --END-- [ RunTime:0.017102s ]
INFO: [ view_filter ] --START--
INFO: Run Behavior\WriteHtmlCacheBehavior [ RunTime:0.000202s ]
INFO: [ view_filter ] --END-- [ RunTime:0.000246s ]
INFO: [ app_end ] --START--
INFO: Run Behavior\ShowPageTraceBehavior [ RunTime:0.000634s ]
INFO: [ app_end ] --END-- [ RunTime:0.000692s ]

[ 2015-03-09T10:26:30+08:00 ] ::1 /ddserver/admin.php/home/index/index
INFO: [ app_init ] --START--
INFO: Run Behavior\BuildLiteBehavior [ RunTime:0.000011s ]
INFO: [ app_init ] --END-- [ RunTime:0.000227s ]
INFO: [ app_begin ] --START--
INFO: Run Behavior\ReadHtmlCacheBehavior [ RunTime:0.000283s ]
INFO: [ app_begin ] --END-- [ RunTime:0.000315s ]
INFO: [ view_parse ] --START--
INFO: [ template_filter ] --START--
INFO: Run Behavior\ContentReplaceBehavior [ RunTime:0.000058s ]
INFO: [ template_filter ] --END-- [ RunTime:0.000090s ]
NOTIC: [8] Undefined variable: __MENU__ /Applications/XAMPP/xamppfiles/htdocs/ddserver/Admin/Runtime/Cache/Home/7f991c1dfec338bd4f6c37d5d06f6731.php 第 68 行.
NOTIC: [8] Use of undefined constant moneyReq - assumed 'moneyReq' /Applications/XAMPP/xamppfiles/htdocs/ddserver/Admin/Runtime/Cache/Home/7f991c1dfec338bd4f6c37d5d06f6731.php 第 116 行.
INFO: Run Behavior\ParseTemplateBehavior [ RunTime:0.013257s ]
INFO: [ view_parse ] --END-- [ RunTime:0.013314s ]
INFO: [ view_filter ] --START--
INFO: Run Behavior\WriteHtmlCacheBehavior [ RunTime:0.000208s ]
INFO: [ view_filter ] --END-- [ RunTime:0.000240s ]
INFO: [ app_end ] --START--
INFO: Run Behavior\ShowPageTraceBehavior [ RunTime:0.000411s ]
INFO: [ app_end ] --END-- [ RunTime:0.000448s ]

[ 2015-03-09T10:26:30+08:00 ] ::1 /ddserver/admin.php/home/index/index
INFO: [ app_init ] --START--
INFO: Run Behavior\BuildLiteBehavior [ RunTime:0.000013s ]
INFO: [ app_init ] --END-- [ RunTime:0.000278s ]
INFO: [ app_begin ] --START--
INFO: Run Behavior\ReadHtmlCacheBehavior [ RunTime:0.000362s ]
INFO: [ app_begin ] --END-- [ RunTime:0.000405s ]
INFO: [ view_parse ] --START--
INFO: [ template_filter ] --START--
INFO: Run Behavior\ContentReplaceBehavior [ RunTime:0.000094s ]
INFO: [ template_filter ] --END-- [ RunTime:0.000154s ]
NOTIC: [8] Undefined variable: __MENU__ /Applications/XAMPP/xamppfiles/htdocs/ddserver/Admin/Runtime/Cache/Home/7f991c1dfec338bd4f6c37d5d06f6731.php 第 68 行.
NOTIC: [8] Use of undefined constant moneyReq - assumed 'moneyReq' /Applications/XAMPP/xamppfiles/htdocs/ddserver/Admin/Runtime/Cache/Home/7f991c1dfec338bd4f6c37d5d06f6731.php 第 116 行.
INFO: Run Behavior\ParseTemplateBehavior [ RunTime:0.017835s ]
INFO: [ view_parse ] --END-- [ RunTime:0.017892s ]
INFO: [ view_filter ] --START--
INFO: Run Behavior\WriteHtmlCacheBehavior [ RunTime:0.000196s ]
INFO: [ view_filter ] --END-- [ RunTime:0.000242s ]
INFO: [ app_end ] --START--
INFO: Run Behavior\ShowPageTraceBehavior [ RunTime:0.000680s ]
INFO: [ app_end ] --END-- [ RunTime:0.000767s ]

[ 2015-03-09T10:33:50+08:00 ] ::1 /ddserver/admin.php/home/index/index
INFO: [ app_init ] --START--
INFO: Run Behavior\BuildLiteBehavior [ RunTime:0.000030s ]
INFO: [ app_init ] --END-- [ RunTime:0.000948s ]
INFO: [ app_begin ] --START--
INFO: Run Behavior\ReadHtmlCacheBehavior [ RunTime:0.001010s ]
INFO: [ app_begin ] --END-- [ RunTime:0.001087s ]
INFO: [ view_parse ] --START--
INFO: [ template_filter ] --START--
INFO: Run Behavior\ContentReplaceBehavior [ RunTime:0.000091s ]
INFO: [ template_filter ] --END-- [ RunTime:0.000143s ]
NOTIC: [8] Undefined variable: __MENU__ /Applications/XAMPP/xamppfiles/htdocs/ddserver/Admin/Runtime/Cache/Home/7f991c1dfec338bd4f6c37d5d06f6731.php 第 68 行.
NOTIC: [8] Use of undefined constant moneyReq - assumed 'moneyReq' /Applications/XAMPP/xamppfiles/htdocs/ddserver/Admin/Runtime/Cache/Home/7f991c1dfec338bd4f6c37d5d06f6731.php 第 116 行.
INFO: Run Behavior\ParseTemplateBehavior [ RunTime:0.013791s ]
INFO: [ view_parse ] --END-- [ RunTime:0.013847s ]
INFO: [ view_filter ] --START--
INFO: Run Behavior\WriteHtmlCacheBehavior [ RunTime:0.000549s ]
INFO: [ view_filter ] --END-- [ RunTime:0.000608s ]
INFO: [ app_end ] --START--
INFO: Run Behavior\ShowPageTraceBehavior [ RunTime:0.001029s ]
INFO: [ app_end ] --END-- [ RunTime:0.001101s ]

[ 2015-03-09T10:33:51+08:00 ] ::1 /ddserver/admin.php/home/index/moneyreq
INFO: [ app_init ] --START--
INFO: Run Behavior\BuildLiteBehavior [ RunTime:0.000014s ]
INFO: [ app_init ] --END-- [ RunTime:0.000317s ]
INFO: [ app_begin ] --START--
INFO: Run Behavior\ReadHtmlCacheBehavior [ RunTime:0.000367s ]
INFO: [ app_begin ] --END-- [ RunTime:0.000440s ]
SQL: SHOW COLUMNS FROM `dudu_draw_money` [ RunTime:0.0016s ]
SQL: SELECT * FROM `dudu_draw_money` ORDER BY state,createtime desc  [ RunTime:0.0007s ]
SQL: SHOW COLUMNS FROM `dudu_park_info` [ RunTime:0.0016s ]
SQL: SELECT * FROM `dudu_park_info` WHERE `id` = 1 LIMIT 1   [ RunTime:0.0008s ]
INFO: [ view_parse ] --START--
INFO: [ template_filter ] --START--
INFO: Run Behavior\ContentReplaceBehavior [ RunTime:0.000064s ]
INFO: [ template_filter ] --END-- [ RunTime:0.000105s ]
NOTIC: [8] Undefined variable: meta_title /Applications/XAMPP/xamppfiles/htdocs/ddserver/Admin/Runtime/Cache/Home/dc0cbbd6d4a0c64f3e9f69e330d39820.php 第 5 行.
NOTIC: [8] Undefined variable: __MENU__ /Applications/XAMPP/xamppfiles/htdocs/ddserver/Admin/Runtime/Cache/Home/dc0cbbd6d4a0c64f3e9f69e330d39820.php 第 64 行.
INFO: Run Behavior\ParseTemplateBehavior [ RunTime:0.007795s ]
INFO: [ view_parse ] --END-- [ RunTime:0.007843s ]
INFO: [ view_filter ] --START--
INFO: Run Behavior\WriteHtmlCacheBehavior [ RunTime:0.000116s ]
INFO: [ view_filter ] --END-- [ RunTime:0.000141s ]
INFO: [ app_end ] --START--
INFO: Run Behavior\ShowPageTraceBehavior [ RunTime:0.000415s ]
INFO: [ app_end ] --END-- [ RunTime:0.000454s ]

[ 2015-03-09T10:34:12+08:00 ] ::1 /ddserver/admin.php/home/index/index
INFO: [ app_init ] --START--
INFO: Run Behavior\BuildLiteBehavior [ RunTime:0.000017s ]
INFO: [ app_init ] --END-- [ RunTime:0.000269s ]
INFO: [ app_begin ] --START--
INFO: Run Behavior\ReadHtmlCacheBehavior [ RunTime:0.000530s ]
INFO: [ app_begin ] --END-- [ RunTime:0.000590s ]
INFO: [ view_parse ] --START--
INFO: [ template_filter ] --START--
INFO: Run Behavior\ContentReplaceBehavior [ RunTime:0.000071s ]
INFO: [ template_filter ] --END-- [ RunTime:0.000123s ]
NOTIC: [8] Undefined variable: __MENU__ /Applications/XAMPP/xamppfiles/htdocs/ddserver/Admin/Runtime/Cache/Home/7f991c1dfec338bd4f6c37d5d06f6731.php 第 68 行.
NOTIC: [8] Use of undefined constant moneyReq - assumed 'moneyReq' /Applications/XAMPP/xamppfiles/htdocs/ddserver/Admin/Runtime/Cache/Home/7f991c1dfec338bd4f6c37d5d06f6731.php 第 116 行.
INFO: Run Behavior\ParseTemplateBehavior [ RunTime:0.016368s ]
INFO: [ view_parse ] --END-- [ RunTime:0.016427s ]
INFO: [ view_filter ] --START--
INFO: Run Behavior\WriteHtmlCacheBehavior [ RunTime:0.000199s ]
INFO: [ view_filter ] --END-- [ RunTime:0.000244s ]
INFO: [ app_end ] --START--
INFO: Run Behavior\ShowPageTraceBehavior [ RunTime:0.000653s ]
INFO: [ app_end ] --END-- [ RunTime:0.000714s ]

