[ 2015-03-18T18:08:03+08:00 ] ::1 /ddserver/admin.php
INFO: [ app_init ] --START--
INFO: Run Behavior\BuildLiteBehavior [ RunTime:0.000017s ]
INFO: [ app_init ] --END-- [ RunTime:0.000401s ]
INFO: [ app_begin ] --START--
INFO: Run Behavior\ReadHtmlCacheBehavior [ RunTime:0.000385s ]
INFO: [ app_begin ] --END-- [ RunTime:0.000436s ]
INFO: [ view_parse ] --START--
INFO: [ template_filter ] --START--
INFO: Run Behavior\ContentReplaceBehavior [ RunTime:0.000135s ]
INFO: [ template_filter ] --END-- [ RunTime:0.000237s ]
NOTIC: [8] Undefined variable: __MENU__ /Applications/XAMPP/xamppfiles/htdocs/ddserver/Admin/Runtime/Cache/Home/7f991c1dfec338bd4f6c37d5d06f6731.php 第 68 行.
NOTIC: [8] Use of undefined constant moneyReq - assumed 'moneyReq' /Applications/XAMPP/xamppfiles/htdocs/ddserver/Admin/Runtime/Cache/Home/7f991c1dfec338bd4f6c37d5d06f6731.php 第 116 行.
NOTIC: [8] Use of undefined constant unusual - assumed 'unusual' /Applications/XAMPP/xamppfiles/htdocs/ddserver/Admin/Runtime/Cache/Home/7f991c1dfec338bd4f6c37d5d06f6731.php 第 117 行.
NOTIC: [8] Use of undefined constant emptySpace - assumed 'emptySpace' /Applications/XAMPP/xamppfiles/htdocs/ddserver/Admin/Runtime/Cache/Home/7f991c1dfec338bd4f6c37d5d06f6731.php 第 118 行.
NOTIC: [8] Use of undefined constant giftReq - assumed 'giftReq' /Applications/XAMPP/xamppfiles/htdocs/ddserver/Admin/Runtime/Cache/Home/7f991c1dfec338bd4f6c37d5d06f6731.php 第 121 行.
NOTIC: [8] Use of undefined constant giftList - assumed 'giftList' /Applications/XAMPP/xamppfiles/htdocs/ddserver/Admin/Runtime/Cache/Home/7f991c1dfec338bd4f6c37d5d06f6731.php 第 122 行.
INFO: Run Behavior\ParseTemplateBehavior [ RunTime:0.013189s ]
INFO: [ view_parse ] --END-- [ RunTime:0.013282s ]
INFO: [ view_filter ] --START--
INFO: Run Behavior\WriteHtmlCacheBehavior [ RunTime:0.001347s ]
INFO: [ view_filter ] --END-- [ RunTime:0.001417s ]
INFO: [ app_end ] --START--
INFO: Run Behavior\ShowPageTraceBehavior [ RunTime:0.001108s ]
INFO: [ app_end ] --END-- [ RunTime:0.001198s ]

[ 2015-03-18T18:08:11+08:00 ] ::1 /ddserver/admin.php/home/index/moneyreq
INFO: [ app_init ] --START--
INFO: Run Behavior\BuildLiteBehavior [ RunTime:0.000017s ]
INFO: [ app_init ] --END-- [ RunTime:0.000412s ]
INFO: [ app_begin ] --START--
INFO: Run Behavior\ReadHtmlCacheBehavior [ RunTime:0.000499s ]
INFO: [ app_begin ] --END-- [ RunTime:0.000568s ]
SQL: SHOW COLUMNS FROM `dudu_draw_money` [ RunTime:0.0321s ]
SQL: SELECT * FROM `dudu_draw_money` ORDER BY state,createtime desc  [ RunTime:0.0032s ]
SQL: SHOW COLUMNS FROM `dudu_park_info` [ RunTime:0.0044s ]
SQL: SELECT * FROM `dudu_park_info` WHERE `id` = 1 LIMIT 1   [ RunTime:0.0054s ]
INFO: [ view_parse ] --START--
INFO: [ template_filter ] --START--
INFO: Run Behavior\ContentReplaceBehavior [ RunTime:0.000124s ]
INFO: [ template_filter ] --END-- [ RunTime:0.000194s ]
NOTIC: [8] Undefined variable: meta_title /Applications/XAMPP/xamppfiles/htdocs/ddserver/Admin/Runtime/Cache/Home/dc0cbbd6d4a0c64f3e9f69e330d39820.php 第 5 行.
NOTIC: [8] Undefined variable: __MENU__ /Applications/XAMPP/xamppfiles/htdocs/ddserver/Admin/Runtime/Cache/Home/dc0cbbd6d4a0c64f3e9f69e330d39820.php 第 64 行.
INFO: Run Behavior\ParseTemplateBehavior [ RunTime:0.016470s ]
INFO: [ view_parse ] --END-- [ RunTime:0.016556s ]
INFO: [ view_filter ] --START--
INFO: Run Behavior\WriteHtmlCacheBehavior [ RunTime:0.000163s ]
INFO: [ view_filter ] --END-- [ RunTime:0.000198s ]
INFO: [ app_end ] --START--
INFO: Run Behavior\ShowPageTraceBehavior [ RunTime:0.000853s ]
INFO: [ app_end ] --END-- [ RunTime:0.001013s ]

[ 2015-03-18T18:08:15+08:00 ] ::1 /ddserver/admin.php/home/index/moneyreq
INFO: [ app_init ] --START--
INFO: Run Behavior\BuildLiteBehavior [ RunTime:0.000008s ]
INFO: [ app_init ] --END-- [ RunTime:0.000210s ]
INFO: [ app_begin ] --START--
INFO: Run Behavior\ReadHtmlCacheBehavior [ RunTime:0.000271s ]
INFO: [ app_begin ] --END-- [ RunTime:0.000304s ]
SQL: SHOW COLUMNS FROM `dudu_draw_money` [ RunTime:0.0102s ]
SQL: SELECT * FROM `dudu_draw_money` ORDER BY state,createtime desc  [ RunTime:0.0007s ]
SQL: SHOW COLUMNS FROM `dudu_park_info` [ RunTime:0.0030s ]
SQL: SELECT * FROM `dudu_park_info` WHERE `id` = 1 LIMIT 1   [ RunTime:0.0007s ]
INFO: [ view_parse ] --START--
INFO: [ template_filter ] --START--
INFO: Run Behavior\ContentReplaceBehavior [ RunTime:0.000066s ]
INFO: [ template_filter ] --END-- [ RunTime:0.000106s ]
NOTIC: [8] Undefined variable: meta_title /Applications/XAMPP/xamppfiles/htdocs/ddserver/Admin/Runtime/Cache/Home/dc0cbbd6d4a0c64f3e9f69e330d39820.php 第 5 行.
NOTIC: [8] Undefined variable: __MENU__ /Applications/XAMPP/xamppfiles/htdocs/ddserver/Admin/Runtime/Cache/Home/dc0cbbd6d4a0c64f3e9f69e330d39820.php 第 64 行.
INFO: Run Behavior\ParseTemplateBehavior [ RunTime:0.009252s ]
INFO: [ view_parse ] --END-- [ RunTime:0.009301s ]
INFO: [ view_filter ] --START--
INFO: Run Behavior\WriteHtmlCacheBehavior [ RunTime:0.000135s ]
INFO: [ view_filter ] --END-- [ RunTime:0.000164s ]
INFO: [ app_end ] --START--
INFO: Run Behavior\ShowPageTraceBehavior [ RunTime:0.000453s ]
INFO: [ app_end ] --END-- [ RunTime:0.000494s ]

[ 2015-03-18T18:08:32+08:00 ] ::1 /ddserver/admin.php/home/index/moneyreq
INFO: [ app_init ] --START--
INFO: Run Behavior\BuildLiteBehavior [ RunTime:0.000020s ]
INFO: [ app_init ] --END-- [ RunTime:0.000640s ]
INFO: [ app_begin ] --START--
INFO: Run Behavior\ReadHtmlCacheBehavior [ RunTime:0.000823s ]
INFO: [ app_begin ] --END-- [ RunTime:0.000883s ]
SQL: SHOW COLUMNS FROM `dudu_draw_money` [ RunTime:0.0018s ]
SQL: SELECT * FROM `dudu_draw_money` ORDER BY state,createtime desc  [ RunTime:0.0003s ]
SQL: SHOW COLUMNS FROM `dudu_park_info` [ RunTime:0.0014s ]
SQL: SELECT * FROM `dudu_park_info` WHERE `id` = 1 LIMIT 1   [ RunTime:0.0007s ]
INFO: [ view_parse ] --START--
INFO: [ template_filter ] --START--
INFO: Run Behavior\ContentReplaceBehavior [ RunTime:0.000088s ]
INFO: [ template_filter ] --END-- [ RunTime:0.000137s ]
NOTIC: [8] Undefined variable: meta_title /Applications/XAMPP/xamppfiles/htdocs/ddserver/Admin/Runtime/Cache/Home/dc0cbbd6d4a0c64f3e9f69e330d39820.php 第 5 行.
NOTIC: [8] Undefined variable: __MENU__ /Applications/XAMPP/xamppfiles/htdocs/ddserver/Admin/Runtime/Cache/Home/dc0cbbd6d4a0c64f3e9f69e330d39820.php 第 64 行.
INFO: Run Behavior\ParseTemplateBehavior [ RunTime:0.012950s ]
INFO: [ view_parse ] --END-- [ RunTime:0.012991s ]
INFO: [ view_filter ] --START--
INFO: Run Behavior\WriteHtmlCacheBehavior [ RunTime:0.000518s ]
INFO: [ view_filter ] --END-- [ RunTime:0.000565s ]
INFO: [ app_end ] --START--
INFO: Run Behavior\ShowPageTraceBehavior [ RunTime:0.000978s ]
INFO: [ app_end ] --END-- [ RunTime:0.001052s ]

[ 2015-03-18T18:08:44+08:00 ] ::1 /ddserver/admin.php/home/index/moneyreqdone/rid/1
INFO: [ app_init ] --START--
INFO: Run Behavior\BuildLiteBehavior [ RunTime:0.000017s ]
INFO: [ app_init ] --END-- [ RunTime:0.000641s ]
INFO: [ app_begin ] --START--
INFO: Run Behavior\ReadHtmlCacheBehavior [ RunTime:0.000767s ]
INFO: [ app_begin ] --END-- [ RunTime:0.000864s ]
SQL: SHOW COLUMNS FROM `dudu_draw_money` [ RunTime:0.0027s ]
SQL: UPDATE `dudu_draw_money` SET `state`='1',`updater`='a-1' WHERE `id` = 1 [ RunTime:0.0012s ]
SQL: SELECT * FROM `dudu_draw_money` WHERE `id` = 1 LIMIT 1   [ RunTime:0.0005s ]
SQL: SHOW COLUMNS FROM `dudu_park_info` [ RunTime:0.0037s ]
SQL: SELECT `balance` FROM `dudu_park_info` WHERE `id` = 1 LIMIT 1   [ RunTime:0.0007s ]
SQL: UPDATE `dudu_park_info` SET `balance`=balance+0.00 WHERE `id` = 1 [ RunTime:0.0083s ]
NOTIC: [2] fopen(./Logs/admin_20150318.csv): failed to open stream: Permission denied /Applications/XAMPP/xamppfiles/htdocs/ddserver/Admin/Home/Common/function.php 第 64 行.
NOTIC: [2] fputcsv() expects parameter 1 to be resource, boolean given /Applications/XAMPP/xamppfiles/htdocs/ddserver/Admin/Home/Common/function.php 第 65 行.
NOTIC: [2] fclose() expects parameter 1 to be resource, boolean given /Applications/XAMPP/xamppfiles/htdocs/ddserver/Admin/Home/Common/function.php 第 66 行.
INFO: [ view_parse ] --START--
INFO: [ template_filter ] --START--
INFO: Run Behavior\ContentReplaceBehavior [ RunTime:0.000044s ]
INFO: [ template_filter ] --END-- [ RunTime:0.000106s ]
INFO: Run Behavior\ParseTemplateBehavior [ RunTime:0.007472s ]
INFO: [ view_parse ] --END-- [ RunTime:0.007538s ]
INFO: [ view_filter ] --START--
INFO: Run Behavior\WriteHtmlCacheBehavior [ RunTime:0.000459s ]
INFO: [ view_filter ] --END-- [ RunTime:0.000497s ]
INFO: [ app_end ] --START--
INFO: Run Behavior\ShowPageTraceBehavior [ RunTime:0.000737s ]
INFO: [ app_end ] --END-- [ RunTime:0.000778s ]

[ 2015-03-18T18:08:45+08:00 ] ::1 /ddserver/admin.php/home/index/moneyreq
INFO: [ app_init ] --START--
INFO: Run Behavior\BuildLiteBehavior [ RunTime:0.000013s ]
INFO: [ app_init ] --END-- [ RunTime:0.000296s ]
INFO: [ app_begin ] --START--
INFO: Run Behavior\ReadHtmlCacheBehavior [ RunTime:0.000292s ]
INFO: [ app_begin ] --END-- [ RunTime:0.000338s ]
SQL: SHOW COLUMNS FROM `dudu_draw_money` [ RunTime:0.0015s ]
SQL: SELECT * FROM `dudu_draw_money` ORDER BY state,createtime desc  [ RunTime:0.0003s ]
SQL: SHOW COLUMNS FROM `dudu_park_info` [ RunTime:0.0020s ]
SQL: SELECT * FROM `dudu_park_info` WHERE `id` = 1 LIMIT 1   [ RunTime:0.0004s ]
INFO: [ view_parse ] --START--
INFO: [ template_filter ] --START--
INFO: Run Behavior\ContentReplaceBehavior [ RunTime:0.000109s ]
INFO: [ template_filter ] --END-- [ RunTime:0.000170s ]
NOTIC: [8] Undefined variable: meta_title /Applications/XAMPP/xamppfiles/htdocs/ddserver/Admin/Runtime/Cache/Home/dc0cbbd6d4a0c64f3e9f69e330d39820.php 第 5 行.
NOTIC: [8] Undefined variable: __MENU__ /Applications/XAMPP/xamppfiles/htdocs/ddserver/Admin/Runtime/Cache/Home/dc0cbbd6d4a0c64f3e9f69e330d39820.php 第 64 行.
INFO: Run Behavior\ParseTemplateBehavior [ RunTime:0.009588s ]
INFO: [ view_parse ] --END-- [ RunTime:0.009627s ]
INFO: [ view_filter ] --START--
INFO: Run Behavior\WriteHtmlCacheBehavior [ RunTime:0.000170s ]
INFO: [ view_filter ] --END-- [ RunTime:0.000206s ]
INFO: [ app_end ] --START--
INFO: Run Behavior\ShowPageTraceBehavior [ RunTime:0.000583s ]
INFO: [ app_end ] --END-- [ RunTime:0.000665s ]

[ 2015-03-18T18:09:01+08:00 ] ::1 /ddserver/admin.php/home/index/moneyreq
INFO: [ app_init ] --START--
INFO: Run Behavior\BuildLiteBehavior [ RunTime:0.000013s ]
INFO: [ app_init ] --END-- [ RunTime:0.000499s ]
INFO: [ app_begin ] --START--
INFO: Run Behavior\ReadHtmlCacheBehavior [ RunTime:0.001147s ]
INFO: [ app_begin ] --END-- [ RunTime:0.001237s ]
SQL: SHOW COLUMNS FROM `dudu_draw_money` [ RunTime:0.0019s ]
SQL: SELECT * FROM `dudu_draw_money` ORDER BY state,createtime desc  [ RunTime:0.0004s ]
SQL: SHOW COLUMNS FROM `dudu_park_info` [ RunTime:0.0019s ]
SQL: SELECT * FROM `dudu_park_info` WHERE `id` = 1 LIMIT 1   [ RunTime:0.0004s ]
INFO: [ view_parse ] --START--
INFO: [ template_filter ] --START--
INFO: Run Behavior\ContentReplaceBehavior [ RunTime:0.000093s ]
INFO: [ template_filter ] --END-- [ RunTime:0.000135s ]
NOTIC: [8] Undefined variable: meta_title /Applications/XAMPP/xamppfiles/htdocs/ddserver/Admin/Runtime/Cache/Home/dc0cbbd6d4a0c64f3e9f69e330d39820.php 第 5 行.
NOTIC: [8] Undefined variable: __MENU__ /Applications/XAMPP/xamppfiles/htdocs/ddserver/Admin/Runtime/Cache/Home/dc0cbbd6d4a0c64f3e9f69e330d39820.php 第 64 行.
INFO: Run Behavior\ParseTemplateBehavior [ RunTime:0.014153s ]
INFO: [ view_parse ] --END-- [ RunTime:0.014198s ]
INFO: [ view_filter ] --START--
INFO: Run Behavior\WriteHtmlCacheBehavior [ RunTime:0.000442s ]
INFO: [ view_filter ] --END-- [ RunTime:0.000480s ]
INFO: [ app_end ] --START--
INFO: Run Behavior\ShowPageTraceBehavior [ RunTime:0.000911s ]
INFO: [ app_end ] --END-- [ RunTime:0.000974s ]

[ 2015-03-18T18:09:02+08:00 ] ::1 /ddserver/admin.php/home/index/moneyreq
INFO: [ app_init ] --START--
INFO: Run Behavior\BuildLiteBehavior [ RunTime:0.000009s ]
INFO: [ app_init ] --END-- [ RunTime:0.000204s ]
INFO: [ app_begin ] --START--
INFO: Run Behavior\ReadHtmlCacheBehavior [ RunTime:0.000287s ]
INFO: [ app_begin ] --END-- [ RunTime:0.000322s ]
SQL: SHOW COLUMNS FROM `dudu_draw_money` [ RunTime:0.0019s ]
SQL: SELECT * FROM `dudu_draw_money` ORDER BY state,createtime desc  [ RunTime:0.0004s ]
SQL: SHOW COLUMNS FROM `dudu_park_info` [ RunTime:0.0017s ]
SQL: SELECT * FROM `dudu_park_info` WHERE `id` = 1 LIMIT 1   [ RunTime:0.0005s ]
INFO: [ view_parse ] --START--
INFO: [ template_filter ] --START--
INFO: Run Behavior\ContentReplaceBehavior [ RunTime:0.000083s ]
INFO: [ template_filter ] --END-- [ RunTime:0.000152s ]
NOTIC: [8] Undefined variable: meta_title /Applications/XAMPP/xamppfiles/htdocs/ddserver/Admin/Runtime/Cache/Home/dc0cbbd6d4a0c64f3e9f69e330d39820.php 第 5 行.
NOTIC: [8] Undefined variable: __MENU__ /Applications/XAMPP/xamppfiles/htdocs/ddserver/Admin/Runtime/Cache/Home/dc0cbbd6d4a0c64f3e9f69e330d39820.php 第 64 行.
INFO: Run Behavior\ParseTemplateBehavior [ RunTime:0.008850s ]
INFO: [ view_parse ] --END-- [ RunTime:0.008909s ]
INFO: [ view_filter ] --START--
INFO: Run Behavior\WriteHtmlCacheBehavior [ RunTime:0.000169s ]
INFO: [ view_filter ] --END-- [ RunTime:0.000211s ]
INFO: [ app_end ] --START--
INFO: Run Behavior\ShowPageTraceBehavior [ RunTime:0.000541s ]
INFO: [ app_end ] --END-- [ RunTime:0.000597s ]

[ 2015-03-18T18:09:03+08:00 ] ::1 /ddserver/admin.php/home/index/moneyreq
INFO: [ app_init ] --START--
INFO: Run Behavior\BuildLiteBehavior [ RunTime:0.000009s ]
INFO: [ app_init ] --END-- [ RunTime:0.000217s ]
INFO: [ app_begin ] --START--
INFO: Run Behavior\ReadHtmlCacheBehavior [ RunTime:0.000284s ]
INFO: [ app_begin ] --END-- [ RunTime:0.000327s ]
SQL: SHOW COLUMNS FROM `dudu_draw_money` [ RunTime:0.0099s ]
SQL: SELECT * FROM `dudu_draw_money` ORDER BY state,createtime desc  [ RunTime:0.0004s ]
SQL: SHOW COLUMNS FROM `dudu_park_info` [ RunTime:0.0022s ]
SQL: SELECT * FROM `dudu_park_info` WHERE `id` = 1 LIMIT 1   [ RunTime:0.0004s ]
INFO: [ view_parse ] --START--
INFO: [ template_filter ] --START--
INFO: Run Behavior\ContentReplaceBehavior [ RunTime:0.000121s ]
INFO: [ template_filter ] --END-- [ RunTime:0.000207s ]
NOTIC: [8] Undefined variable: meta_title /Applications/XAMPP/xamppfiles/htdocs/ddserver/Admin/Runtime/Cache/Home/dc0cbbd6d4a0c64f3e9f69e330d39820.php 第 5 行.
NOTIC: [8] Undefined variable: __MENU__ /Applications/XAMPP/xamppfiles/htdocs/ddserver/Admin/Runtime/Cache/Home/dc0cbbd6d4a0c64f3e9f69e330d39820.php 第 64 行.
INFO: Run Behavior\ParseTemplateBehavior [ RunTime:0.010968s ]
INFO: [ view_parse ] --END-- [ RunTime:0.011022s ]
INFO: [ view_filter ] --START--
INFO: Run Behavior\WriteHtmlCacheBehavior [ RunTime:0.000204s ]
INFO: [ view_filter ] --END-- [ RunTime:0.000245s ]
INFO: [ app_end ] --START--
INFO: Run Behavior\ShowPageTraceBehavior [ RunTime:0.000666s ]
INFO: [ app_end ] --END-- [ RunTime:0.000723s ]

[ 2015-03-18T18:09:03+08:00 ] ::1 /ddserver/admin.php/home/index/moneyreq
INFO: [ app_init ] --START--
INFO: Run Behavior\BuildLiteBehavior [ RunTime:0.000012s ]
INFO: [ app_init ] --END-- [ RunTime:0.000297s ]
INFO: [ app_begin ] --START--
INFO: Run Behavior\ReadHtmlCacheBehavior [ RunTime:0.000455s ]
INFO: [ app_begin ] --END-- [ RunTime:0.000519s ]
SQL: SHOW COLUMNS FROM `dudu_draw_money` [ RunTime:0.0157s ]
SQL: SELECT * FROM `dudu_draw_money` ORDER BY state,createtime desc  [ RunTime:0.0025s ]
SQL: SHOW COLUMNS FROM `dudu_park_info` [ RunTime:0.0027s ]
SQL: SELECT * FROM `dudu_park_info` WHERE `id` = 1 LIMIT 1   [ RunTime:0.0004s ]
INFO: [ view_parse ] --START--
INFO: [ template_filter ] --START--
INFO: Run Behavior\ContentReplaceBehavior [ RunTime:0.000080s ]
INFO: [ template_filter ] --END-- [ RunTime:0.000131s ]
NOTIC: [8] Undefined variable: meta_title /Applications/XAMPP/xamppfiles/htdocs/ddserver/Admin/Runtime/Cache/Home/dc0cbbd6d4a0c64f3e9f69e330d39820.php 第 5 行.
NOTIC: [8] Undefined variable: __MENU__ /Applications/XAMPP/xamppfiles/htdocs/ddserver/Admin/Runtime/Cache/Home/dc0cbbd6d4a0c64f3e9f69e330d39820.php 第 64 行.
INFO: Run Behavior\ParseTemplateBehavior [ RunTime:0.007667s ]
INFO: [ view_parse ] --END-- [ RunTime:0.007709s ]
INFO: [ view_filter ] --START--
INFO: Run Behavior\WriteHtmlCacheBehavior [ RunTime:0.000127s ]
INFO: [ view_filter ] --END-- [ RunTime:0.000156s ]
INFO: [ app_end ] --START--
INFO: Run Behavior\ShowPageTraceBehavior [ RunTime:0.000547s ]
INFO: [ app_end ] --END-- [ RunTime:0.000608s ]

[ 2015-03-18T18:09:03+08:00 ] ::1 /ddserver/admin.php/home/index/moneyreq
INFO: [ app_init ] --START--
INFO: Run Behavior\BuildLiteBehavior [ RunTime:0.000011s ]
INFO: [ app_init ] --END-- [ RunTime:0.000270s ]
INFO: [ app_begin ] --START--
INFO: Run Behavior\ReadHtmlCacheBehavior [ RunTime:0.000388s ]
INFO: [ app_begin ] --END-- [ RunTime:0.000436s ]
SQL: SHOW COLUMNS FROM `dudu_draw_money` [ RunTime:0.0108s ]
SQL: SELECT * FROM `dudu_draw_money` ORDER BY state,createtime desc  [ RunTime:0.0005s ]
SQL: SHOW COLUMNS FROM `dudu_park_info` [ RunTime:0.0025s ]
SQL: SELECT * FROM `dudu_park_info` WHERE `id` = 1 LIMIT 1   [ RunTime:0.0006s ]
INFO: [ view_parse ] --START--
INFO: [ template_filter ] --START--
INFO: Run Behavior\ContentReplaceBehavior [ RunTime:0.000098s ]
INFO: [ template_filter ] --END-- [ RunTime:0.000155s ]
NOTIC: [8] Undefined variable: meta_title /Applications/XAMPP/xamppfiles/htdocs/ddserver/Admin/Runtime/Cache/Home/dc0cbbd6d4a0c64f3e9f69e330d39820.php 第 5 行.
NOTIC: [8] Undefined variable: __MENU__ /Applications/XAMPP/xamppfiles/htdocs/ddserver/Admin/Runtime/Cache/Home/dc0cbbd6d4a0c64f3e9f69e330d39820.php 第 64 行.
INFO: Run Behavior\ParseTemplateBehavior [ RunTime:0.011448s ]
INFO: [ view_parse ] --END-- [ RunTime:0.011504s ]
INFO: [ view_filter ] --START--
INFO: Run Behavior\WriteHtmlCacheBehavior [ RunTime:0.000202s ]
INFO: [ view_filter ] --END-- [ RunTime:0.000244s ]
INFO: [ app_end ] --START--
INFO: Run Behavior\ShowPageTraceBehavior [ RunTime:0.000804s ]
INFO: [ app_end ] --END-- [ RunTime:0.000869s ]

[ 2015-03-18T18:09:34+08:00 ] ::1 /ddserver/admin.php/home/index/moneyreq
INFO: [ app_init ] --START--
INFO: Run Behavior\BuildLiteBehavior [ RunTime:0.000020s ]
INFO: [ app_init ] --END-- [ RunTime:0.000740s ]
INFO: [ app_begin ] --START--
INFO: Run Behavior\ReadHtmlCacheBehavior [ RunTime:0.000831s ]
INFO: [ app_begin ] --END-- [ RunTime:0.000893s ]
SQL: SHOW COLUMNS FROM `dudu_draw_money` [ RunTime:0.0021s ]
SQL: SELECT * FROM `dudu_draw_money` ORDER BY state,createtime desc  [ RunTime:0.0004s ]
SQL: SHOW COLUMNS FROM `dudu_park_info` [ RunTime:0.0024s ]
SQL: SELECT * FROM `dudu_park_info` WHERE `id` = 1 LIMIT 1   [ RunTime:0.0005s ]
INFO: [ view_parse ] --START--
INFO: [ template_filter ] --START--
INFO: Run Behavior\ContentReplaceBehavior [ RunTime:0.000072s ]
INFO: [ template_filter ] --END-- [ RunTime:0.000115s ]
NOTIC: [8] Undefined variable: meta_title /Applications/XAMPP/xamppfiles/htdocs/ddserver/Admin/Runtime/Cache/Home/dc0cbbd6d4a0c64f3e9f69e330d39820.php 第 5 行.
NOTIC: [8] Undefined variable: __MENU__ /Applications/XAMPP/xamppfiles/htdocs/ddserver/Admin/Runtime/Cache/Home/dc0cbbd6d4a0c64f3e9f69e330d39820.php 第 64 行.
INFO: Run Behavior\ParseTemplateBehavior [ RunTime:0.012108s ]
INFO: [ view_parse ] --END-- [ RunTime:0.012146s ]
INFO: [ view_filter ] --START--
INFO: Run Behavior\WriteHtmlCacheBehavior [ RunTime:0.000546s ]
INFO: [ view_filter ] --END-- [ RunTime:0.000605s ]
INFO: [ app_end ] --START--
INFO: Run Behavior\ShowPageTraceBehavior [ RunTime:0.000853s ]
INFO: [ app_end ] --END-- [ RunTime:0.000939s ]

[ 2015-03-18T18:11:27+08:00 ] ::1 /ddserver/admin.php/home/index/moneyreq
INFO: [ app_init ] --START--
INFO: Run Behavior\BuildLiteBehavior [ RunTime:0.000021s ]
INFO: [ app_init ] --END-- [ RunTime:0.000558s ]
INFO: [ app_begin ] --START--
INFO: Run Behavior\ReadHtmlCacheBehavior [ RunTime:0.000676s ]
INFO: [ app_begin ] --END-- [ RunTime:0.000731s ]
SQL: SHOW COLUMNS FROM `dudu_draw_money` [ RunTime:0.0014s ]
SQL: SELECT * FROM `dudu_draw_money` ORDER BY state,createtime desc  [ RunTime:0.0006s ]
SQL: SHOW COLUMNS FROM `dudu_park_info` [ RunTime:0.0018s ]
SQL: SELECT * FROM `dudu_park_info` WHERE `id` = 1 LIMIT 1   [ RunTime:0.0004s ]
INFO: [ view_parse ] --START--
INFO: [ template_filter ] --START--
INFO: Run Behavior\ContentReplaceBehavior [ RunTime:0.000084s ]
INFO: [ template_filter ] --END-- [ RunTime:0.000132s ]
NOTIC: [8] Undefined variable: meta_title /Applications/XAMPP/xamppfiles/htdocs/ddserver/Admin/Runtime/Cache/Home/dc0cbbd6d4a0c64f3e9f69e330d39820.php 第 5 行.
NOTIC: [8] Undefined variable: __MENU__ /Applications/XAMPP/xamppfiles/htdocs/ddserver/Admin/Runtime/Cache/Home/dc0cbbd6d4a0c64f3e9f69e330d39820.php 第 64 行.
INFO: Run Behavior\ParseTemplateBehavior [ RunTime:0.013609s ]
INFO: [ view_parse ] --END-- [ RunTime:0.013647s ]
INFO: [ view_filter ] --START--
INFO: Run Behavior\WriteHtmlCacheBehavior [ RunTime:0.000502s ]
INFO: [ view_filter ] --END-- [ RunTime:0.000548s ]
INFO: [ app_end ] --START--
INFO: Run Behavior\ShowPageTraceBehavior [ RunTime:0.001049s ]
INFO: [ app_end ] --END-- [ RunTime:0.001130s ]

[ 2015-03-18T18:11:30+08:00 ] ::1 /ddserver/admin.php/home/index/moneyreqdone/rid/1
INFO: [ app_init ] --START--
INFO: Run Behavior\BuildLiteBehavior [ RunTime:0.000028s ]
INFO: [ app_init ] --END-- [ RunTime:0.000669s ]
INFO: [ app_begin ] --START--
INFO: Run Behavior\ReadHtmlCacheBehavior [ RunTime:0.000412s ]
INFO: [ app_begin ] --END-- [ RunTime:0.000463s ]
SQL: SHOW COLUMNS FROM `dudu_draw_money` [ RunTime:0.0014s ]
SQL: UPDATE `dudu_draw_money` SET `state`='1',`updater`='a-1' WHERE `id` = 1 [ RunTime:0.0007s ]
SQL: SELECT * FROM `dudu_draw_money` WHERE `id` = 1 LIMIT 1   [ RunTime:0.0004s ]
SQL: SHOW COLUMNS FROM `dudu_park_info` [ RunTime:0.0040s ]
SQL: SELECT `balance` FROM `dudu_park_info` WHERE `id` = 1 LIMIT 1   [ RunTime:0.0003s ]
SQL: UPDATE `dudu_park_info` SET `balance`=balance-0.01 WHERE `id` = 1 [ RunTime:0.0012s ]
NOTIC: [2] fopen(./Logs/admin_20150318.csv): failed to open stream: Permission denied /Applications/XAMPP/xamppfiles/htdocs/ddserver/Admin/Home/Common/function.php 第 64 行.
NOTIC: [2] fputcsv() expects parameter 1 to be resource, boolean given /Applications/XAMPP/xamppfiles/htdocs/ddserver/Admin/Home/Common/function.php 第 65 行.
NOTIC: [2] fclose() expects parameter 1 to be resource, boolean given /Applications/XAMPP/xamppfiles/htdocs/ddserver/Admin/Home/Common/function.php 第 66 行.
INFO: [ view_parse ] --START--
INFO: [ template_filter ] --START--
INFO: Run Behavior\ContentReplaceBehavior [ RunTime:0.000044s ]
INFO: [ template_filter ] --END-- [ RunTime:0.000102s ]
INFO: Run Behavior\ParseTemplateBehavior [ RunTime:0.006030s ]
INFO: [ view_parse ] --END-- [ RunTime:0.006091s ]
INFO: [ view_filter ] --START--
INFO: Run Behavior\WriteHtmlCacheBehavior [ RunTime:0.000123s ]
INFO: [ view_filter ] --END-- [ RunTime:0.000153s ]
INFO: [ app_end ] --START--
INFO: Run Behavior\ShowPageTraceBehavior [ RunTime:0.000459s ]
INFO: [ app_end ] --END-- [ RunTime:0.000499s ]

[ 2015-03-18T18:11:31+08:00 ] ::1 /ddserver/admin.php/home/index/moneyreq
INFO: [ app_init ] --START--
INFO: Run Behavior\BuildLiteBehavior [ RunTime:0.000018s ]
INFO: [ app_init ] --END-- [ RunTime:0.000451s ]
INFO: [ app_begin ] --START--
INFO: Run Behavior\ReadHtmlCacheBehavior [ RunTime:0.000320s ]
INFO: [ app_begin ] --END-- [ RunTime:0.000363s ]
SQL: SHOW COLUMNS FROM `dudu_draw_money` [ RunTime:0.0099s ]
SQL: SELECT * FROM `dudu_draw_money` ORDER BY state,createtime desc  [ RunTime:0.0007s ]
SQL: SHOW COLUMNS FROM `dudu_park_info` [ RunTime:0.0025s ]
SQL: SELECT * FROM `dudu_park_info` WHERE `id` = 1 LIMIT 1   [ RunTime:0.0006s ]
INFO: [ view_parse ] --START--
INFO: [ template_filter ] --START--
INFO: Run Behavior\ContentReplaceBehavior [ RunTime:0.000086s ]
INFO: [ template_filter ] --END-- [ RunTime:0.000136s ]
NOTIC: [8] Undefined variable: meta_title /Applications/XAMPP/xamppfiles/htdocs/ddserver/Admin/Runtime/Cache/Home/dc0cbbd6d4a0c64f3e9f69e330d39820.php 第 5 行.
NOTIC: [8] Undefined variable: __MENU__ /Applications/XAMPP/xamppfiles/htdocs/ddserver/Admin/Runtime/Cache/Home/dc0cbbd6d4a0c64f3e9f69e330d39820.php 第 64 行.
INFO: Run Behavior\ParseTemplateBehavior [ RunTime:0.010634s ]
INFO: [ view_parse ] --END-- [ RunTime:0.010681s ]
INFO: [ view_filter ] --START--
INFO: Run Behavior\WriteHtmlCacheBehavior [ RunTime:0.000130s ]
INFO: [ view_filter ] --END-- [ RunTime:0.000160s ]
INFO: [ app_end ] --START--
INFO: Run Behavior\ShowPageTraceBehavior [ RunTime:0.000587s ]
INFO: [ app_end ] --END-- [ RunTime:0.000639s ]

[ 2015-03-18T18:14:30+08:00 ] ::1 /ddserver/admin.php/home/index/moneyreq
INFO: [ app_init ] --START--
INFO: Run Behavior\BuildLiteBehavior [ RunTime:0.000022s ]
INFO: [ app_init ] --END-- [ RunTime:0.000785s ]
INFO: [ app_begin ] --START--
INFO: Run Behavior\ReadHtmlCacheBehavior [ RunTime:0.000791s ]
INFO: [ app_begin ] --END-- [ RunTime:0.000858s ]
SQL: SHOW COLUMNS FROM `dudu_draw_money` [ RunTime:0.0018s ]
SQL: SELECT * FROM `dudu_draw_money` ORDER BY state,createtime desc  [ RunTime:0.0005s ]
SQL: SHOW COLUMNS FROM `dudu_park_info` [ RunTime:0.0016s ]
SQL: SELECT * FROM `dudu_park_info` WHERE `id` = 1 LIMIT 1   [ RunTime:0.0004s ]
INFO: [ view_parse ] --START--
INFO: [ template_filter ] --START--
INFO: Run Behavior\ContentReplaceBehavior [ RunTime:0.000098s ]
INFO: [ template_filter ] --END-- [ RunTime:0.000145s ]
NOTIC: [8] Undefined variable: meta_title /Applications/XAMPP/xamppfiles/htdocs/ddserver/Admin/Runtime/Cache/Home/dc0cbbd6d4a0c64f3e9f69e330d39820.php 第 5 行.
NOTIC: [8] Undefined variable: __MENU__ /Applications/XAMPP/xamppfiles/htdocs/ddserver/Admin/Runtime/Cache/Home/dc0cbbd6d4a0c64f3e9f69e330d39820.php 第 64 行.
INFO: Run Behavior\ParseTemplateBehavior [ RunTime:0.012647s ]
INFO: [ view_parse ] --END-- [ RunTime:0.012680s ]
INFO: [ view_filter ] --START--
INFO: Run Behavior\WriteHtmlCacheBehavior [ RunTime:0.001112s ]
INFO: [ view_filter ] --END-- [ RunTime:0.001180s ]
INFO: [ app_end ] --START--
INFO: Run Behavior\ShowPageTraceBehavior [ RunTime:0.000975s ]
INFO: [ app_end ] --END-- [ RunTime:0.001039s ]

[ 2015-03-18T18:14:33+08:00 ] ::1 /ddserver/admin.php/home/index/moneyreqdone/rid/1
INFO: [ app_init ] --START--
INFO: Run Behavior\BuildLiteBehavior [ RunTime:0.000012s ]
INFO: [ app_init ] --END-- [ RunTime:0.000292s ]
INFO: [ app_begin ] --START--
INFO: Run Behavior\ReadHtmlCacheBehavior [ RunTime:0.000535s ]
INFO: [ app_begin ] --END-- [ RunTime:0.000615s ]
SQL: SHOW COLUMNS FROM `dudu_draw_money` [ RunTime:0.0099s ]
SQL: UPDATE `dudu_draw_money` SET `state`='1',`updater`='a-1' WHERE `id` = 1 [ RunTime:0.0008s ]
SQL: SELECT * FROM `dudu_draw_money` WHERE `id` = 1 LIMIT 1   [ RunTime:0.0004s ]
SQL: SHOW COLUMNS FROM `dudu_park_info` [ RunTime:0.0030s ]
SQL: SELECT `balance` FROM `dudu_park_info` WHERE `id` = 1 LIMIT 1   [ RunTime:0.0004s ]
SQL: UPDATE `dudu_park_info` SET `balance`=balance-0.50 WHERE `id` = 1 [ RunTime:0.0006s ]
NOTIC: [2] fopen(./Logs/admin_20150318.csv): failed to open stream: Permission denied /Applications/XAMPP/xamppfiles/htdocs/ddserver/Admin/Home/Common/function.php 第 64 行.
NOTIC: [2] fputcsv() expects parameter 1 to be resource, boolean given /Applications/XAMPP/xamppfiles/htdocs/ddserver/Admin/Home/Common/function.php 第 65 行.
NOTIC: [2] fclose() expects parameter 1 to be resource, boolean given /Applications/XAMPP/xamppfiles/htdocs/ddserver/Admin/Home/Common/function.php 第 66 行.
INFO: [ view_parse ] --START--
INFO: [ template_filter ] --START--
INFO: Run Behavior\ContentReplaceBehavior [ RunTime:0.000051s ]
INFO: [ template_filter ] --END-- [ RunTime:0.000118s ]
INFO: Run Behavior\ParseTemplateBehavior [ RunTime:0.006700s ]
INFO: [ view_parse ] --END-- [ RunTime:0.006754s ]
INFO: [ view_filter ] --START--
INFO: Run Behavior\WriteHtmlCacheBehavior [ RunTime:0.000122s ]
INFO: [ view_filter ] --END-- [ RunTime:0.000149s ]
INFO: [ app_end ] --START--
INFO: Run Behavior\ShowPageTraceBehavior [ RunTime:0.000366s ]
INFO: [ app_end ] --END-- [ RunTime:0.000397s ]

[ 2015-03-18T18:14:34+08:00 ] ::1 /ddserver/admin.php/home/index/moneyreq
INFO: [ app_init ] --START--
INFO: Run Behavior\BuildLiteBehavior [ RunTime:0.000009s ]
INFO: [ app_init ] --END-- [ RunTime:0.000229s ]
INFO: [ app_begin ] --START--
INFO: Run Behavior\ReadHtmlCacheBehavior [ RunTime:0.000493s ]
INFO: [ app_begin ] --END-- [ RunTime:0.000554s ]
SQL: SHOW COLUMNS FROM `dudu_draw_money` [ RunTime:0.0016s ]
SQL: SELECT * FROM `dudu_draw_money` ORDER BY state,createtime desc  [ RunTime:0.0003s ]
SQL: SHOW COLUMNS FROM `dudu_park_info` [ RunTime:0.0016s ]
SQL: SELECT * FROM `dudu_park_info` WHERE `id` = 1 LIMIT 1   [ RunTime:0.0004s ]
INFO: [ view_parse ] --START--
INFO: [ template_filter ] --START--
INFO: Run Behavior\ContentReplaceBehavior [ RunTime:0.000064s ]
INFO: [ template_filter ] --END-- [ RunTime:0.000103s ]
NOTIC: [8] Undefined variable: meta_title /Applications/XAMPP/xamppfiles/htdocs/ddserver/Admin/Runtime/Cache/Home/dc0cbbd6d4a0c64f3e9f69e330d39820.php 第 5 行.
NOTIC: [8] Undefined variable: __MENU__ /Applications/XAMPP/xamppfiles/htdocs/ddserver/Admin/Runtime/Cache/Home/dc0cbbd6d4a0c64f3e9f69e330d39820.php 第 64 行.
INFO: Run Behavior\ParseTemplateBehavior [ RunTime:0.007034s ]
INFO: [ view_parse ] --END-- [ RunTime:0.007087s ]
INFO: [ view_filter ] --START--
INFO: Run Behavior\WriteHtmlCacheBehavior [ RunTime:0.000209s ]
INFO: [ view_filter ] --END-- [ RunTime:0.000247s ]
INFO: [ app_end ] --START--
INFO: Run Behavior\ShowPageTraceBehavior [ RunTime:0.000413s ]
INFO: [ app_end ] --END-- [ RunTime:0.000464s ]

[ 2015-03-18T18:15:28+08:00 ] ::1 /ddserver/admin.php/home/index/moneyreq
INFO: [ app_init ] --START--
INFO: Run Behavior\BuildLiteBehavior [ RunTime:0.000011s ]
INFO: [ app_init ] --END-- [ RunTime:0.000267s ]
INFO: [ app_begin ] --START--
INFO: Run Behavior\ReadHtmlCacheBehavior [ RunTime:0.000329s ]
INFO: [ app_begin ] --END-- [ RunTime:0.000384s ]
SQL: SHOW COLUMNS FROM `dudu_draw_money` [ RunTime:0.0097s ]
SQL: SELECT * FROM `dudu_draw_money` ORDER BY state,createtime desc  [ RunTime:0.0004s ]
SQL: SHOW COLUMNS FROM `dudu_park_info` [ RunTime:0.0024s ]
SQL: SELECT * FROM `dudu_park_info` WHERE `id` = 1 LIMIT 1   [ RunTime:0.0004s ]
INFO: [ view_parse ] --START--
INFO: [ template_filter ] --START--
INFO: Run Behavior\ContentReplaceBehavior [ RunTime:0.000063s ]
INFO: [ template_filter ] --END-- [ RunTime:0.000101s ]
NOTIC: [8] Undefined variable: meta_title /Applications/XAMPP/xamppfiles/htdocs/ddserver/Admin/Runtime/Cache/Home/dc0cbbd6d4a0c64f3e9f69e330d39820.php 第 5 行.
NOTIC: [8] Undefined variable: __MENU__ /Applications/XAMPP/xamppfiles/htdocs/ddserver/Admin/Runtime/Cache/Home/dc0cbbd6d4a0c64f3e9f69e330d39820.php 第 64 行.
INFO: Run Behavior\ParseTemplateBehavior [ RunTime:0.006526s ]
INFO: [ view_parse ] --END-- [ RunTime:0.006560s ]
INFO: [ view_filter ] --START--
INFO: Run Behavior\WriteHtmlCacheBehavior [ RunTime:0.000104s ]
INFO: [ view_filter ] --END-- [ RunTime:0.000127s ]
INFO: [ app_end ] --START--
INFO: Run Behavior\ShowPageTraceBehavior [ RunTime:0.000447s ]
INFO: [ app_end ] --END-- [ RunTime:0.000488s ]

[ 2015-03-18T18:19:07+08:00 ] ::1 /ddserver/admin.php/home/index/moneyreq
INFO: [ app_init ] --START--
INFO: Run Behavior\BuildLiteBehavior [ RunTime:0.000028s ]
INFO: [ app_init ] --END-- [ RunTime:0.000985s ]
INFO: [ app_begin ] --START--
INFO: Run Behavior\ReadHtmlCacheBehavior [ RunTime:0.001136s ]
INFO: [ app_begin ] --END-- [ RunTime:0.001239s ]
SQL: SHOW COLUMNS FROM `dudu_draw_money` [ RunTime:0.0058s ]
SQL: SELECT * FROM `dudu_draw_money` ORDER BY state,createtime desc  [ RunTime:0.0009s ]
SQL: SHOW COLUMNS FROM `dudu_park_info` [ RunTime:0.0045s ]
SQL: SELECT * FROM `dudu_park_info` WHERE `id` = 1 LIMIT 1   [ RunTime:0.0009s ]
INFO: [ view_parse ] --START--
INFO: [ template_filter ] --START--
INFO: Run Behavior\ContentReplaceBehavior [ RunTime:0.000090s ]
INFO: [ template_filter ] --END-- [ RunTime:0.000143s ]
NOTIC: [8] Undefined variable: meta_title /Applications/XAMPP/xamppfiles/htdocs/ddserver/Admin/Runtime/Cache/Home/dc0cbbd6d4a0c64f3e9f69e330d39820.php 第 5 行.
NOTIC: [8] Undefined variable: __MENU__ /Applications/XAMPP/xamppfiles/htdocs/ddserver/Admin/Runtime/Cache/Home/dc0cbbd6d4a0c64f3e9f69e330d39820.php 第 64 行.
INFO: Run Behavior\ParseTemplateBehavior [ RunTime:0.015344s ]
INFO: [ view_parse ] --END-- [ RunTime:0.015391s ]
INFO: [ view_filter ] --START--
INFO: Run Behavior\WriteHtmlCacheBehavior [ RunTime:0.000454s ]
INFO: [ view_filter ] --END-- [ RunTime:0.000515s ]
INFO: [ app_end ] --START--
INFO: Run Behavior\ShowPageTraceBehavior [ RunTime:0.001011s ]
INFO: [ app_end ] --END-- [ RunTime:0.001088s ]

[ 2015-03-18T18:19:09+08:00 ] ::1 /ddserver/admin.php/home/index/moneyreqdone/rid/1
INFO: [ app_init ] --START--
INFO: Run Behavior\BuildLiteBehavior [ RunTime:0.000032s ]
INFO: [ app_init ] --END-- [ RunTime:0.001121s ]
INFO: [ app_begin ] --START--
INFO: Run Behavior\ReadHtmlCacheBehavior [ RunTime:0.000548s ]
INFO: [ app_begin ] --END-- [ RunTime:0.000610s ]
SQL: SHOW COLUMNS FROM `dudu_draw_money` [ RunTime:0.0021s ]
SQL: UPDATE `dudu_draw_money` SET `state`='1',`updater`='a-1' WHERE `id` = 1 [ RunTime:0.0012s ]
SQL: SELECT * FROM `dudu_draw_money` WHERE `id` = 1 LIMIT 1   [ RunTime:0.0006s ]
SQL: SHOW COLUMNS FROM `dudu_park_info` [ RunTime:0.0027s ]
SQL: SELECT `balance` FROM `dudu_park_info` WHERE `id` = 1 LIMIT 1   [ RunTime:0.0003s ]
SQL: UPDATE `dudu_park_info` SET `balance`=balance-0.20 WHERE `id` = 1 [ RunTime:0.0034s ]
NOTIC: [2] mkdir(): Permission denied /Applications/XAMPP/xamppfiles/htdocs/ddserver/Admin/Home/Common/function.php 第 61 行.
NOTIC: [2] fopen(/ddserver/Logs/admin_20150318.csv): failed to open stream: No such file or directory /Applications/XAMPP/xamppfiles/htdocs/ddserver/Admin/Home/Common/function.php 第 64 行.
NOTIC: [2] fputcsv() expects parameter 1 to be resource, boolean given /Applications/XAMPP/xamppfiles/htdocs/ddserver/Admin/Home/Common/function.php 第 65 行.
NOTIC: [2] fclose() expects parameter 1 to be resource, boolean given /Applications/XAMPP/xamppfiles/htdocs/ddserver/Admin/Home/Common/function.php 第 66 行.
INFO: [ view_parse ] --START--
INFO: [ template_filter ] --START--
INFO: Run Behavior\ContentReplaceBehavior [ RunTime:0.000041s ]
INFO: [ template_filter ] --END-- [ RunTime:0.000098s ]
INFO: Run Behavior\ParseTemplateBehavior [ RunTime:0.005421s ]
INFO: [ view_parse ] --END-- [ RunTime:0.005474s ]
INFO: [ view_filter ] --START--
INFO: Run Behavior\WriteHtmlCacheBehavior [ RunTime:0.000105s ]
INFO: [ view_filter ] --END-- [ RunTime:0.000127s ]
INFO: [ app_end ] --START--
INFO: Run Behavior\ShowPageTraceBehavior [ RunTime:0.000382s ]
INFO: [ app_end ] --END-- [ RunTime:0.000410s ]

[ 2015-03-18T18:19:10+08:00 ] ::1 /ddserver/admin.php/home/index/moneyreq
INFO: [ app_init ] --START--
INFO: Run Behavior\BuildLiteBehavior [ RunTime:0.000042s ]
INFO: [ app_init ] --END-- [ RunTime:0.000350s ]
INFO: [ app_begin ] --START--
INFO: Run Behavior\ReadHtmlCacheBehavior [ RunTime:0.000470s ]
INFO: [ app_begin ] --END-- [ RunTime:0.000528s ]
SQL: SHOW COLUMNS FROM `dudu_draw_money` [ RunTime:0.0016s ]
SQL: SELECT * FROM `dudu_draw_money` ORDER BY state,createtime desc  [ RunTime:0.0003s ]
SQL: SHOW COLUMNS FROM `dudu_park_info` [ RunTime:0.0017s ]
SQL: SELECT * FROM `dudu_park_info` WHERE `id` = 1 LIMIT 1   [ RunTime:0.0004s ]
INFO: [ view_parse ] --START--
INFO: [ template_filter ] --START--
INFO: Run Behavior\ContentReplaceBehavior [ RunTime:0.000100s ]
INFO: [ template_filter ] --END-- [ RunTime:0.000168s ]
NOTIC: [8] Undefined variable: meta_title /Applications/XAMPP/xamppfiles/htdocs/ddserver/Admin/Runtime/Cache/Home/dc0cbbd6d4a0c64f3e9f69e330d39820.php 第 5 行.
NOTIC: [8] Undefined variable: __MENU__ /Applications/XAMPP/xamppfiles/htdocs/ddserver/Admin/Runtime/Cache/Home/dc0cbbd6d4a0c64f3e9f69e330d39820.php 第 64 行.
INFO: Run Behavior\ParseTemplateBehavior [ RunTime:0.007864s ]
INFO: [ view_parse ] --END-- [ RunTime:0.007901s ]
INFO: [ view_filter ] --START--
INFO: Run Behavior\WriteHtmlCacheBehavior [ RunTime:0.000105s ]
INFO: [ view_filter ] --END-- [ RunTime:0.000127s ]
INFO: [ app_end ] --START--
INFO: Run Behavior\ShowPageTraceBehavior [ RunTime:0.000624s ]
INFO: [ app_end ] --END-- [ RunTime:0.000721s ]

[ 2015-03-18T18:19:52+08:00 ] ::1 /ddserver/admin.php/home/index/moneyreq
INFO: [ app_init ] --START--
INFO: Run Behavior\BuildLiteBehavior [ RunTime:0.000018s ]
INFO: [ app_init ] --END-- [ RunTime:0.000445s ]
INFO: [ app_begin ] --START--
INFO: Run Behavior\ReadHtmlCacheBehavior [ RunTime:0.000369s ]
INFO: [ app_begin ] --END-- [ RunTime:0.000428s ]
SQL: SHOW COLUMNS FROM `dudu_draw_money` [ RunTime:0.0017s ]
SQL: SELECT * FROM `dudu_draw_money` ORDER BY state,createtime desc  [ RunTime:0.0003s ]
SQL: SHOW COLUMNS FROM `dudu_park_info` [ RunTime:0.0014s ]
SQL: SELECT * FROM `dudu_park_info` WHERE `id` = 1 LIMIT 1   [ RunTime:0.0004s ]
INFO: [ view_parse ] --START--
INFO: [ template_filter ] --START--
INFO: Run Behavior\ContentReplaceBehavior [ RunTime:0.000073s ]
INFO: [ template_filter ] --END-- [ RunTime:0.000116s ]
NOTIC: [8] Undefined variable: meta_title /Applications/XAMPP/xamppfiles/htdocs/ddserver/Admin/Runtime/Cache/Home/dc0cbbd6d4a0c64f3e9f69e330d39820.php 第 5 行.
NOTIC: [8] Undefined variable: __MENU__ /Applications/XAMPP/xamppfiles/htdocs/ddserver/Admin/Runtime/Cache/Home/dc0cbbd6d4a0c64f3e9f69e330d39820.php 第 64 行.
INFO: Run Behavior\ParseTemplateBehavior [ RunTime:0.010492s ]
INFO: [ view_parse ] --END-- [ RunTime:0.010534s ]
INFO: [ view_filter ] --START--
INFO: Run Behavior\WriteHtmlCacheBehavior [ RunTime:0.000138s ]
INFO: [ view_filter ] --END-- [ RunTime:0.000168s ]
INFO: [ app_end ] --START--
INFO: Run Behavior\ShowPageTraceBehavior [ RunTime:0.000562s ]
INFO: [ app_end ] --END-- [ RunTime:0.000623s ]

[ 2015-03-18T18:19:54+08:00 ] ::1 /ddserver/admin.php/home/index/moneyreqdone/rid/1
INFO: [ app_init ] --START--
INFO: Run Behavior\BuildLiteBehavior [ RunTime:0.000009s ]
INFO: [ app_init ] --END-- [ RunTime:0.000212s ]
INFO: [ app_begin ] --START--
INFO: Run Behavior\ReadHtmlCacheBehavior [ RunTime:0.000263s ]
INFO: [ app_begin ] --END-- [ RunTime:0.000293s ]
SQL: SHOW COLUMNS FROM `dudu_draw_money` [ RunTime:0.0101s ]
SQL: UPDATE `dudu_draw_money` SET `state`='1',`updater`='a-1' WHERE `id` = 1 [ RunTime:0.0005s ]
SQL: SELECT * FROM `dudu_draw_money` WHERE `id` = 1 LIMIT 1   [ RunTime:0.0006s ]
SQL: SHOW COLUMNS FROM `dudu_park_info` [ RunTime:0.0030s ]
SQL: SELECT `balance` FROM `dudu_park_info` WHERE `id` = 1 LIMIT 1   [ RunTime:0.0004s ]
SQL: UPDATE `dudu_park_info` SET `balance`=balance-0.20 WHERE `id` = 1 [ RunTime:0.0004s ]
NOTIC: [2] mkdir(): Permission denied /Applications/XAMPP/xamppfiles/htdocs/ddserver/Admin/Home/Common/function.php 第 61 行.
NOTIC: [2] fopen(/ddserver/Logs/admin_20150318.csv): failed to open stream: No such file or directory /Applications/XAMPP/xamppfiles/htdocs/ddserver/Admin/Home/Common/function.php 第 64 行.
NOTIC: [2] fputcsv() expects parameter 1 to be resource, boolean given /Applications/XAMPP/xamppfiles/htdocs/ddserver/Admin/Home/Common/function.php 第 65 行.
NOTIC: [2] fclose() expects parameter 1 to be resource, boolean given /Applications/XAMPP/xamppfiles/htdocs/ddserver/Admin/Home/Common/function.php 第 66 行.
INFO: [ view_parse ] --START--
INFO: [ template_filter ] --START--
INFO: Run Behavior\ContentReplaceBehavior [ RunTime:0.000050s ]
INFO: [ template_filter ] --END-- [ RunTime:0.000105s ]
INFO: Run Behavior\ParseTemplateBehavior [ RunTime:0.005610s ]
INFO: [ view_parse ] --END-- [ RunTime:0.005707s ]
INFO: [ view_filter ] --START--
INFO: Run Behavior\WriteHtmlCacheBehavior [ RunTime:0.000290s ]
INFO: [ view_filter ] --END-- [ RunTime:0.000357s ]
INFO: [ app_end ] --START--
INFO: Run Behavior\ShowPageTraceBehavior [ RunTime:0.000636s ]
INFO: [ app_end ] --END-- [ RunTime:0.000688s ]

[ 2015-03-18T18:19:55+08:00 ] ::1 /ddserver/admin.php/home/index/moneyreq
INFO: [ app_init ] --START--
INFO: Run Behavior\BuildLiteBehavior [ RunTime:0.000009s ]
INFO: [ app_init ] --END-- [ RunTime:0.000240s ]
INFO: [ app_begin ] --START--
INFO: Run Behavior\ReadHtmlCacheBehavior [ RunTime:0.000256s ]
INFO: [ app_begin ] --END-- [ RunTime:0.000290s ]
SQL: SHOW COLUMNS FROM `dudu_draw_money` [ RunTime:0.0019s ]
SQL: SELECT * FROM `dudu_draw_money` ORDER BY state,createtime desc  [ RunTime:0.0004s ]
SQL: SHOW COLUMNS FROM `dudu_park_info` [ RunTime:0.0018s ]
SQL: SELECT * FROM `dudu_park_info` WHERE `id` = 1 LIMIT 1   [ RunTime:0.0004s ]
INFO: [ view_parse ] --START--
INFO: [ template_filter ] --START--
INFO: Run Behavior\ContentReplaceBehavior [ RunTime:0.000123s ]
INFO: [ template_filter ] --END-- [ RunTime:0.000209s ]
NOTIC: [8] Undefined variable: meta_title /Applications/XAMPP/xamppfiles/htdocs/ddserver/Admin/Runtime/Cache/Home/dc0cbbd6d4a0c64f3e9f69e330d39820.php 第 5 行.
NOTIC: [8] Undefined variable: __MENU__ /Applications/XAMPP/xamppfiles/htdocs/ddserver/Admin/Runtime/Cache/Home/dc0cbbd6d4a0c64f3e9f69e330d39820.php 第 64 行.
INFO: Run Behavior\ParseTemplateBehavior [ RunTime:0.009329s ]
INFO: [ view_parse ] --END-- [ RunTime:0.009382s ]
INFO: [ view_filter ] --START--
INFO: Run Behavior\WriteHtmlCacheBehavior [ RunTime:0.000182s ]
INFO: [ view_filter ] --END-- [ RunTime:0.000225s ]
INFO: [ app_end ] --START--
INFO: Run Behavior\ShowPageTraceBehavior [ RunTime:0.000705s ]
INFO: [ app_end ] --END-- [ RunTime:0.000788s ]

[ 2015-03-18T18:21:23+08:00 ] ::1 /ddserver/admin.php/home/index/moneyreq
INFO: [ app_init ] --START--
INFO: Run Behavior\BuildLiteBehavior [ RunTime:0.000017s ]
INFO: [ app_init ] --END-- [ RunTime:0.000276s ]
INFO: [ app_begin ] --START--
INFO: Run Behavior\ReadHtmlCacheBehavior [ RunTime:0.000389s ]
INFO: [ app_begin ] --END-- [ RunTime:0.000437s ]
SQL: SHOW COLUMNS FROM `dudu_draw_money` [ RunTime:0.0100s ]
SQL: SELECT * FROM `dudu_draw_money` ORDER BY state,createtime desc  [ RunTime:0.0003s ]
SQL: SHOW COLUMNS FROM `dudu_park_info` [ RunTime:0.0017s ]
SQL: SELECT * FROM `dudu_park_info` WHERE `id` = 1 LIMIT 1   [ RunTime:0.0004s ]
INFO: [ view_parse ] --START--
INFO: [ template_filter ] --START--
INFO: Run Behavior\ContentReplaceBehavior [ RunTime:0.000074s ]
INFO: [ template_filter ] --END-- [ RunTime:0.000119s ]
NOTIC: [8] Undefined variable: meta_title /Applications/XAMPP/xamppfiles/htdocs/ddserver/Admin/Runtime/Cache/Home/dc0cbbd6d4a0c64f3e9f69e330d39820.php 第 5 行.
NOTIC: [8] Undefined variable: __MENU__ /Applications/XAMPP/xamppfiles/htdocs/ddserver/Admin/Runtime/Cache/Home/dc0cbbd6d4a0c64f3e9f69e330d39820.php 第 64 行.
INFO: Run Behavior\ParseTemplateBehavior [ RunTime:0.010033s ]
INFO: [ view_parse ] --END-- [ RunTime:0.010075s ]
INFO: [ view_filter ] --START--
INFO: Run Behavior\WriteHtmlCacheBehavior [ RunTime:0.000139s ]
INFO: [ view_filter ] --END-- [ RunTime:0.000165s ]
INFO: [ app_end ] --START--
INFO: Run Behavior\ShowPageTraceBehavior [ RunTime:0.000424s ]
INFO: [ app_end ] --END-- [ RunTime:0.000469s ]

[ 2015-03-18T18:21:24+08:00 ] ::1 /ddserver/admin.php/home/index/moneyreqdone/rid/1
INFO: [ app_init ] --START--
INFO: Run Behavior\BuildLiteBehavior [ RunTime:0.000011s ]
INFO: [ app_init ] --END-- [ RunTime:0.000301s ]
INFO: [ app_begin ] --START--
INFO: Run Behavior\ReadHtmlCacheBehavior [ RunTime:0.000331s ]
INFO: [ app_begin ] --END-- [ RunTime:0.000364s ]
SQL: SHOW COLUMNS FROM `dudu_draw_money` [ RunTime:0.0030s ]
SQL: UPDATE `dudu_draw_money` SET `state`='1',`updater`='a-1' WHERE `id` = 1 [ RunTime:0.0003s ]
SQL: SELECT * FROM `dudu_draw_money` WHERE `id` = 1 LIMIT 1   [ RunTime:0.0003s ]
SQL: SHOW COLUMNS FROM `dudu_park_info` [ RunTime:0.0018s ]
SQL: SELECT `balance` FROM `dudu_park_info` WHERE `id` = 1 LIMIT 1   [ RunTime:0.0003s ]
SQL: UPDATE `dudu_park_info` SET `balance`=balance-0.20 WHERE `id` = 1 [ RunTime:0.0003s ]
NOTIC: [2] mkdir(): Permission denied /Applications/XAMPP/xamppfiles/htdocs/ddserver/Admin/Home/Common/function.php 第 61 行.
NOTIC: [2] fopen(/ddserver/Logs/admin_20150318.csv): failed to open stream: No such file or directory /Applications/XAMPP/xamppfiles/htdocs/ddserver/Admin/Home/Common/function.php 第 64 行.
NOTIC: [2] fputcsv() expects parameter 1 to be resource, boolean given /Applications/XAMPP/xamppfiles/htdocs/ddserver/Admin/Home/Common/function.php 第 65 行.
NOTIC: [2] fclose() expects parameter 1 to be resource, boolean given /Applications/XAMPP/xamppfiles/htdocs/ddserver/Admin/Home/Common/function.php 第 66 行.
INFO: [ view_parse ] --START--
INFO: [ template_filter ] --START--
INFO: Run Behavior\ContentReplaceBehavior [ RunTime:0.000041s ]
INFO: [ template_filter ] --END-- [ RunTime:0.000098s ]
INFO: Run Behavior\ParseTemplateBehavior [ RunTime:0.004838s ]
INFO: [ view_parse ] --END-- [ RunTime:0.004882s ]
INFO: [ view_filter ] --START--
INFO: Run Behavior\WriteHtmlCacheBehavior [ RunTime:0.000129s ]
INFO: [ view_filter ] --END-- [ RunTime:0.000157s ]
INFO: [ app_end ] --START--
INFO: Run Behavior\ShowPageTraceBehavior [ RunTime:0.000391s ]
INFO: [ app_end ] --END-- [ RunTime:0.000419s ]

[ 2015-03-18T18:21:25+08:00 ] ::1 /ddserver/admin.php/home/index/moneyreq
INFO: [ app_init ] --START--
INFO: Run Behavior\BuildLiteBehavior [ RunTime:0.000016s ]
INFO: [ app_init ] --END-- [ RunTime:0.000346s ]
INFO: [ app_begin ] --START--
INFO: Run Behavior\ReadHtmlCacheBehavior [ RunTime:0.000373s ]
INFO: [ app_begin ] --END-- [ RunTime:0.000423s ]
SQL: SHOW COLUMNS FROM `dudu_draw_money` [ RunTime:0.0101s ]
SQL: SELECT * FROM `dudu_draw_money` ORDER BY state,createtime desc  [ RunTime:0.0007s ]
SQL: SHOW COLUMNS FROM `dudu_park_info` [ RunTime:0.0036s ]
SQL: SELECT * FROM `dudu_park_info` WHERE `id` = 1 LIMIT 1   [ RunTime:0.0007s ]
INFO: [ view_parse ] --START--
INFO: [ template_filter ] --START--
INFO: Run Behavior\ContentReplaceBehavior [ RunTime:0.000072s ]
INFO: [ template_filter ] --END-- [ RunTime:0.000113s ]
NOTIC: [8] Undefined variable: meta_title /Applications/XAMPP/xamppfiles/htdocs/ddserver/Admin/Runtime/Cache/Home/dc0cbbd6d4a0c64f3e9f69e330d39820.php 第 5 行.
NOTIC: [8] Undefined variable: __MENU__ /Applications/XAMPP/xamppfiles/htdocs/ddserver/Admin/Runtime/Cache/Home/dc0cbbd6d4a0c64f3e9f69e330d39820.php 第 64 行.
INFO: Run Behavior\ParseTemplateBehavior [ RunTime:0.008690s ]
INFO: [ view_parse ] --END-- [ RunTime:0.008737s ]
INFO: [ view_filter ] --START--
INFO: Run Behavior\WriteHtmlCacheBehavior [ RunTime:0.000119s ]
INFO: [ view_filter ] --END-- [ RunTime:0.000154s ]
INFO: [ app_end ] --START--
INFO: Run Behavior\ShowPageTraceBehavior [ RunTime:0.000398s ]
INFO: [ app_end ] --END-- [ RunTime:0.000432s ]

[ 2015-03-18T18:23:19+08:00 ] ::1 /ddserver/admin.php/home/index/moneyreq
INFO: [ app_init ] --START--
INFO: Run Behavior\BuildLiteBehavior [ RunTime:0.000017s ]
INFO: [ app_init ] --END-- [ RunTime:0.000918s ]
INFO: [ app_begin ] --START--
INFO: Run Behavior\ReadHtmlCacheBehavior [ RunTime:0.000667s ]
INFO: [ app_begin ] --END-- [ RunTime:0.000717s ]
SQL: SHOW COLUMNS FROM `dudu_draw_money` [ RunTime:0.0025s ]
SQL: SELECT * FROM `dudu_draw_money` ORDER BY state,createtime desc  [ RunTime:0.0003s ]
SQL: SHOW COLUMNS FROM `dudu_park_info` [ RunTime:0.0017s ]
SQL: SELECT * FROM `dudu_park_info` WHERE `id` = 1 LIMIT 1   [ RunTime:0.0004s ]
INFO: [ view_parse ] --START--
INFO: [ template_filter ] --START--
INFO: Run Behavior\ContentReplaceBehavior [ RunTime:0.000088s ]
INFO: [ template_filter ] --END-- [ RunTime:0.000135s ]
NOTIC: [8] Undefined variable: meta_title /Applications/XAMPP/xamppfiles/htdocs/ddserver/Admin/Runtime/Cache/Home/dc0cbbd6d4a0c64f3e9f69e330d39820.php 第 5 行.
NOTIC: [8] Undefined variable: __MENU__ /Applications/XAMPP/xamppfiles/htdocs/ddserver/Admin/Runtime/Cache/Home/dc0cbbd6d4a0c64f3e9f69e330d39820.php 第 64 行.
INFO: Run Behavior\ParseTemplateBehavior [ RunTime:0.012164s ]
INFO: [ view_parse ] --END-- [ RunTime:0.012197s ]
INFO: [ view_filter ] --START--
INFO: Run Behavior\WriteHtmlCacheBehavior [ RunTime:0.000499s ]
INFO: [ view_filter ] --END-- [ RunTime:0.000542s ]
INFO: [ app_end ] --START--
INFO: Run Behavior\ShowPageTraceBehavior [ RunTime:0.000976s ]
INFO: [ app_end ] --END-- [ RunTime:0.001046s ]

[ 2015-03-18T18:23:20+08:00 ] ::1 /ddserver/admin.php/home/index/moneyreq
INFO: [ app_init ] --START--
INFO: Run Behavior\BuildLiteBehavior [ RunTime:0.000012s ]
INFO: [ app_init ] --END-- [ RunTime:0.000433s ]
INFO: [ app_begin ] --START--
INFO: Run Behavior\ReadHtmlCacheBehavior [ RunTime:0.000661s ]
INFO: [ app_begin ] --END-- [ RunTime:0.000735s ]
SQL: SHOW COLUMNS FROM `dudu_draw_money` [ RunTime:0.0101s ]
SQL: SELECT * FROM `dudu_draw_money` ORDER BY state,createtime desc  [ RunTime:0.0008s ]
SQL: SHOW COLUMNS FROM `dudu_park_info` [ RunTime:0.0022s ]
SQL: SELECT * FROM `dudu_park_info` WHERE `id` = 1 LIMIT 1   [ RunTime:0.0005s ]
INFO: [ view_parse ] --START--
INFO: [ template_filter ] --START--
INFO: Run Behavior\ContentReplaceBehavior [ RunTime:0.000142s ]
INFO: [ template_filter ] --END-- [ RunTime:0.000209s ]
NOTIC: [8] Undefined variable: meta_title /Applications/XAMPP/xamppfiles/htdocs/ddserver/Admin/Runtime/Cache/Home/dc0cbbd6d4a0c64f3e9f69e330d39820.php 第 5 行.
NOTIC: [8] Undefined variable: __MENU__ /Applications/XAMPP/xamppfiles/htdocs/ddserver/Admin/Runtime/Cache/Home/dc0cbbd6d4a0c64f3e9f69e330d39820.php 第 64 行.
INFO: Run Behavior\ParseTemplateBehavior [ RunTime:0.013436s ]
INFO: [ view_parse ] --END-- [ RunTime:0.013489s ]
INFO: [ view_filter ] --START--
INFO: Run Behavior\WriteHtmlCacheBehavior [ RunTime:0.000126s ]
INFO: [ view_filter ] --END-- [ RunTime:0.000154s ]
INFO: [ app_end ] --START--
INFO: Run Behavior\ShowPageTraceBehavior [ RunTime:0.000667s ]
INFO: [ app_end ] --END-- [ RunTime:0.000802s ]

[ 2015-03-18T18:23:28+08:00 ] ::1 /ddserver/admin.php/home/index/moneyreq
INFO: [ app_init ] --START--
INFO: Run Behavior\BuildLiteBehavior [ RunTime:0.000016s ]
INFO: [ app_init ] --END-- [ RunTime:0.000313s ]
INFO: [ app_begin ] --START--
INFO: Run Behavior\ReadHtmlCacheBehavior [ RunTime:0.000402s ]
INFO: [ app_begin ] --END-- [ RunTime:0.000449s ]
SQL: SHOW COLUMNS FROM `dudu_draw_money` [ RunTime:0.0092s ]
SQL: SELECT * FROM `dudu_draw_money` ORDER BY state,createtime desc  [ RunTime:0.0003s ]
SQL: SHOW COLUMNS FROM `dudu_park_info` [ RunTime:0.0027s ]
SQL: SELECT * FROM `dudu_park_info` WHERE `id` = 1 LIMIT 1   [ RunTime:0.0007s ]
INFO: [ view_parse ] --START--
INFO: [ template_filter ] --START--
INFO: Run Behavior\ContentReplaceBehavior [ RunTime:0.000062s ]
INFO: [ template_filter ] --END-- [ RunTime:0.000100s ]
NOTIC: [8] Undefined variable: meta_title /Applications/XAMPP/xamppfiles/htdocs/ddserver/Admin/Runtime/Cache/Home/dc0cbbd6d4a0c64f3e9f69e330d39820.php 第 5 行.
NOTIC: [8] Undefined variable: __MENU__ /Applications/XAMPP/xamppfiles/htdocs/ddserver/Admin/Runtime/Cache/Home/dc0cbbd6d4a0c64f3e9f69e330d39820.php 第 64 行.
INFO: Run Behavior\ParseTemplateBehavior [ RunTime:0.007042s ]
INFO: [ view_parse ] --END-- [ RunTime:0.007098s ]
INFO: [ view_filter ] --START--
INFO: Run Behavior\WriteHtmlCacheBehavior [ RunTime:0.000199s ]
INFO: [ view_filter ] --END-- [ RunTime:0.000274s ]
INFO: [ app_end ] --START--
INFO: Run Behavior\ShowPageTraceBehavior [ RunTime:0.000837s ]
INFO: [ app_end ] --END-- [ RunTime:0.000899s ]

[ 2015-03-18T18:23:30+08:00 ] ::1 /ddserver/admin.php/home/index/moneyreqdone/rid/1
INFO: [ app_init ] --START--
INFO: Run Behavior\BuildLiteBehavior [ RunTime:0.000035s ]
INFO: [ app_init ] --END-- [ RunTime:0.000722s ]
INFO: [ app_begin ] --START--
INFO: Run Behavior\ReadHtmlCacheBehavior [ RunTime:0.000814s ]
INFO: [ app_begin ] --END-- [ RunTime:0.000896s ]
SQL: SHOW COLUMNS FROM `dudu_draw_money` [ RunTime:0.0023s ]
SQL: UPDATE `dudu_draw_money` SET `state`='1',`updater`='a-1' WHERE `id` = 1 [ RunTime:0.0004s ]
SQL: SELECT * FROM `dudu_draw_money` WHERE `id` = 1 LIMIT 1   [ RunTime:0.0005s ]
SQL: SHOW COLUMNS FROM `dudu_park_info` [ RunTime:0.0027s ]
SQL: SELECT `balance` FROM `dudu_park_info` WHERE `id` = 1 LIMIT 1   [ RunTime:0.0004s ]
SQL: UPDATE `dudu_park_info` SET `balance`=balance-0.20 WHERE `id` = 1 [ RunTime:0.0003s ]
NOTIC: [2] mkdir(): Permission denied /Applications/XAMPP/xamppfiles/htdocs/ddserver/Admin/Home/Common/function.php 第 61 行.
NOTIC: [2] fopen(/ddserver/Logs/admin_20150318.csv): failed to open stream: No such file or directory /Applications/XAMPP/xamppfiles/htdocs/ddserver/Admin/Home/Common/function.php 第 64 行.
NOTIC: [2] fputcsv() expects parameter 1 to be resource, boolean given /Applications/XAMPP/xamppfiles/htdocs/ddserver/Admin/Home/Common/function.php 第 65 行.
NOTIC: [2] fclose() expects parameter 1 to be resource, boolean given /Applications/XAMPP/xamppfiles/htdocs/ddserver/Admin/Home/Common/function.php 第 66 行.
INFO: [ view_parse ] --START--
INFO: [ template_filter ] --START--
INFO: Run Behavior\ContentReplaceBehavior [ RunTime:0.000040s ]
INFO: [ template_filter ] --END-- [ RunTime:0.000100s ]
INFO: Run Behavior\ParseTemplateBehavior [ RunTime:0.006707s ]
INFO: [ view_parse ] --END-- [ RunTime:0.006763s ]
INFO: [ view_filter ] --START--
INFO: Run Behavior\WriteHtmlCacheBehavior [ RunTime:0.000186s ]
INFO: [ view_filter ] --END-- [ RunTime:0.000239s ]
INFO: [ app_end ] --START--
INFO: Run Behavior\ShowPageTraceBehavior [ RunTime:0.000475s ]
INFO: [ app_end ] --END-- [ RunTime:0.000516s ]

[ 2015-03-18T18:23:32+08:00 ] ::1 /ddserver/admin.php/home/index/moneyreq
INFO: [ app_init ] --START--
INFO: Run Behavior\BuildLiteBehavior [ RunTime:0.000011s ]
INFO: [ app_init ] --END-- [ RunTime:0.000381s ]
INFO: [ app_begin ] --START--
INFO: Run Behavior\ReadHtmlCacheBehavior [ RunTime:0.000390s ]
INFO: [ app_begin ] --END-- [ RunTime:0.000446s ]
SQL: SHOW COLUMNS FROM `dudu_draw_money` [ RunTime:0.0101s ]
SQL: SELECT * FROM `dudu_draw_money` ORDER BY state,createtime desc  [ RunTime:0.0003s ]
SQL: SHOW COLUMNS FROM `dudu_park_info` [ RunTime:0.0028s ]
SQL: SELECT * FROM `dudu_park_info` WHERE `id` = 1 LIMIT 1   [ RunTime:0.0005s ]
INFO: [ view_parse ] --START--
INFO: [ template_filter ] --START--
INFO: Run Behavior\ContentReplaceBehavior [ RunTime:0.000122s ]
INFO: [ template_filter ] --END-- [ RunTime:0.000218s ]
NOTIC: [8] Undefined variable: meta_title /Applications/XAMPP/xamppfiles/htdocs/ddserver/Admin/Runtime/Cache/Home/dc0cbbd6d4a0c64f3e9f69e330d39820.php 第 5 行.
NOTIC: [8] Undefined variable: __MENU__ /Applications/XAMPP/xamppfiles/htdocs/ddserver/Admin/Runtime/Cache/Home/dc0cbbd6d4a0c64f3e9f69e330d39820.php 第 64 行.
INFO: Run Behavior\ParseTemplateBehavior [ RunTime:0.009047s ]
INFO: [ view_parse ] --END-- [ RunTime:0.009092s ]
INFO: [ view_filter ] --START--
INFO: Run Behavior\WriteHtmlCacheBehavior [ RunTime:0.000123s ]
INFO: [ view_filter ] --END-- [ RunTime:0.000149s ]
INFO: [ app_end ] --START--
INFO: Run Behavior\ShowPageTraceBehavior [ RunTime:0.000605s ]
INFO: [ app_end ] --END-- [ RunTime:0.000654s ]

[ 2015-03-18T18:26:24+08:00 ] ::1 /ddserver/admin.php/home/index/moneyreq
INFO: [ app_init ] --START--
INFO: Run Behavior\BuildLiteBehavior [ RunTime:0.000023s ]
INFO: [ app_init ] --END-- [ RunTime:0.000908s ]
INFO: [ app_begin ] --START--
INFO: Run Behavior\ReadHtmlCacheBehavior [ RunTime:0.000817s ]
INFO: [ app_begin ] --END-- [ RunTime:0.000938s ]
SQL: SHOW COLUMNS FROM `dudu_draw_money` [ RunTime:0.0033s ]
SQL: SELECT * FROM `dudu_draw_money` ORDER BY state,createtime desc  [ RunTime:0.0007s ]
SQL: SHOW COLUMNS FROM `dudu_park_info` [ RunTime:0.0028s ]
SQL: SELECT * FROM `dudu_park_info` WHERE `id` = 1 LIMIT 1   [ RunTime:0.0012s ]
INFO: [ view_parse ] --START--
INFO: [ template_filter ] --START--
INFO: Run Behavior\ContentReplaceBehavior [ RunTime:0.000080s ]
INFO: [ template_filter ] --END-- [ RunTime:0.000125s ]
NOTIC: [8] Undefined variable: meta_title /Applications/XAMPP/xamppfiles/htdocs/ddserver/Admin/Runtime/Cache/Home/dc0cbbd6d4a0c64f3e9f69e330d39820.php 第 5 行.
NOTIC: [8] Undefined variable: __MENU__ /Applications/XAMPP/xamppfiles/htdocs/ddserver/Admin/Runtime/Cache/Home/dc0cbbd6d4a0c64f3e9f69e330d39820.php 第 64 行.
INFO: Run Behavior\ParseTemplateBehavior [ RunTime:0.013801s ]
INFO: [ view_parse ] --END-- [ RunTime:0.013865s ]
INFO: [ view_filter ] --START--
INFO: Run Behavior\WriteHtmlCacheBehavior [ RunTime:0.000497s ]
INFO: [ view_filter ] --END-- [ RunTime:0.000535s ]
INFO: [ app_end ] --START--
INFO: Run Behavior\ShowPageTraceBehavior [ RunTime:0.001083s ]
INFO: [ app_end ] --END-- [ RunTime:0.001161s ]

[ 2015-03-18T18:27:08+08:00 ] ::1 /ddserver/admin.php/home/index/moneyreq
INFO: [ app_init ] --START--
INFO: Run Behavior\BuildLiteBehavior [ RunTime:0.000018s ]
INFO: [ app_init ] --END-- [ RunTime:0.000697s ]
INFO: [ app_begin ] --START--
INFO: Run Behavior\ReadHtmlCacheBehavior [ RunTime:0.001096s ]
INFO: [ app_begin ] --END-- [ RunTime:0.001201s ]
SQL: SHOW COLUMNS FROM `dudu_draw_money` [ RunTime:0.0019s ]
SQL: SELECT * FROM `dudu_draw_money` ORDER BY state,createtime desc  [ RunTime:0.0010s ]
SQL: SHOW COLUMNS FROM `dudu_park_info` [ RunTime:0.0019s ]
SQL: SELECT * FROM `dudu_park_info` WHERE `id` = 1 LIMIT 1   [ RunTime:0.0011s ]
INFO: [ view_parse ] --START--
INFO: [ template_filter ] --START--
INFO: Run Behavior\ContentReplaceBehavior [ RunTime:0.000086s ]
INFO: [ template_filter ] --END-- [ RunTime:0.000135s ]
NOTIC: [8] Undefined variable: meta_title /Applications/XAMPP/xamppfiles/htdocs/ddserver/Admin/Runtime/Cache/Home/dc0cbbd6d4a0c64f3e9f69e330d39820.php 第 5 行.
NOTIC: [8] Undefined variable: __MENU__ /Applications/XAMPP/xamppfiles/htdocs/ddserver/Admin/Runtime/Cache/Home/dc0cbbd6d4a0c64f3e9f69e330d39820.php 第 64 行.
INFO: Run Behavior\ParseTemplateBehavior [ RunTime:0.014045s ]
INFO: [ view_parse ] --END-- [ RunTime:0.014099s ]
INFO: [ view_filter ] --START--
INFO: Run Behavior\WriteHtmlCacheBehavior [ RunTime:0.000531s ]
INFO: [ view_filter ] --END-- [ RunTime:0.000580s ]
INFO: [ app_end ] --START--
INFO: Run Behavior\ShowPageTraceBehavior [ RunTime:0.000977s ]
INFO: [ app_end ] --END-- [ RunTime:0.001050s ]

[ 2015-03-18T18:29:12+08:00 ] ::1 /ddserver/admin.php/home/index/moneyreq
INFO: [ app_init ] --START--
INFO: Run Behavior\BuildLiteBehavior [ RunTime:0.000020s ]
INFO: [ app_init ] --END-- [ RunTime:0.000804s ]
INFO: [ app_begin ] --START--
INFO: Run Behavior\ReadHtmlCacheBehavior [ RunTime:0.000863s ]
INFO: [ app_begin ] --END-- [ RunTime:0.000941s ]
SQL: SHOW COLUMNS FROM `dudu_draw_money` [ RunTime:0.0019s ]
SQL: SELECT * FROM `dudu_draw_money` ORDER BY state,createtime desc  [ RunTime:0.0006s ]
SQL: SHOW COLUMNS FROM `dudu_park_info` [ RunTime:0.0021s ]
SQL: SELECT * FROM `dudu_park_info` WHERE `id` = 1 LIMIT 1   [ RunTime:0.0009s ]
INFO: [ view_parse ] --START--
INFO: [ template_filter ] --START--
INFO: Run Behavior\ContentReplaceBehavior [ RunTime:0.000088s ]
INFO: [ template_filter ] --END-- [ RunTime:0.000139s ]
NOTIC: [8] Undefined variable: meta_title /Applications/XAMPP/xamppfiles/htdocs/ddserver/Admin/Runtime/Cache/Home/dc0cbbd6d4a0c64f3e9f69e330d39820.php 第 5 行.
NOTIC: [8] Undefined variable: __MENU__ /Applications/XAMPP/xamppfiles/htdocs/ddserver/Admin/Runtime/Cache/Home/dc0cbbd6d4a0c64f3e9f69e330d39820.php 第 64 行.
INFO: Run Behavior\ParseTemplateBehavior [ RunTime:0.013035s ]
INFO: [ view_parse ] --END-- [ RunTime:0.013077s ]
INFO: [ view_filter ] --START--
INFO: Run Behavior\WriteHtmlCacheBehavior [ RunTime:0.000468s ]
INFO: [ view_filter ] --END-- [ RunTime:0.000513s ]
INFO: [ app_end ] --START--
INFO: Run Behavior\ShowPageTraceBehavior [ RunTime:0.000867s ]
INFO: [ app_end ] --END-- [ RunTime:0.000938s ]

[ 2015-03-18T18:31:02+08:00 ] ::1 /ddserver/admin.php/home/index/moneyreq
INFO: [ app_init ] --START--
INFO: Run Behavior\BuildLiteBehavior [ RunTime:0.000021s ]
INFO: [ app_init ] --END-- [ RunTime:0.000697s ]
INFO: [ app_begin ] --START--
INFO: Run Behavior\ReadHtmlCacheBehavior [ RunTime:0.001129s ]
INFO: [ app_begin ] --END-- [ RunTime:0.001227s ]
SQL: SHOW COLUMNS FROM `dudu_draw_money` [ RunTime:0.0019s ]
SQL: SELECT * FROM `dudu_draw_money` ORDER BY state,createtime desc  [ RunTime:0.0004s ]
SQL: SHOW COLUMNS FROM `dudu_park_info` [ RunTime:0.0016s ]
SQL: SELECT * FROM `dudu_park_info` WHERE `id` = 1 LIMIT 1   [ RunTime:0.0008s ]
INFO: [ view_parse ] --START--
INFO: [ template_filter ] --START--
INFO: Run Behavior\ContentReplaceBehavior [ RunTime:0.000084s ]
INFO: [ template_filter ] --END-- [ RunTime:0.000134s ]
NOTIC: [8] Undefined variable: meta_title /Applications/XAMPP/xamppfiles/htdocs/ddserver/Admin/Runtime/Cache/Home/dc0cbbd6d4a0c64f3e9f69e330d39820.php 第 5 行.
NOTIC: [8] Undefined variable: __MENU__ /Applications/XAMPP/xamppfiles/htdocs/ddserver/Admin/Runtime/Cache/Home/dc0cbbd6d4a0c64f3e9f69e330d39820.php 第 64 行.
INFO: Run Behavior\ParseTemplateBehavior [ RunTime:0.011920s ]
INFO: [ view_parse ] --END-- [ RunTime:0.011978s ]
INFO: [ view_filter ] --START--
INFO: Run Behavior\WriteHtmlCacheBehavior [ RunTime:0.000489s ]
INFO: [ view_filter ] --END-- [ RunTime:0.000636s ]
INFO: [ app_end ] --START--
INFO: Run Behavior\ShowPageTraceBehavior [ RunTime:0.002464s ]
INFO: [ app_end ] --END-- [ RunTime:0.004049s ]

[ 2015-03-18T18:31:04+08:00 ] ::1 /ddserver/admin.php/home/index/moneyreqdone/rid/1
INFO: [ app_init ] --START--
INFO: Run Behavior\BuildLiteBehavior [ RunTime:0.000012s ]
INFO: [ app_init ] --END-- [ RunTime:0.000251s ]
INFO: [ app_begin ] --START--
INFO: Run Behavior\ReadHtmlCacheBehavior [ RunTime:0.000453s ]
INFO: [ app_begin ] --END-- [ RunTime:0.000496s ]
SQL: SHOW COLUMNS FROM `dudu_draw_money` [ RunTime:0.0018s ]
SQL: UPDATE `dudu_draw_money` SET `state`='1',`updater`='a-1' WHERE `id` = 1 [ RunTime:0.0011s ]
SQL: SELECT * FROM `dudu_draw_money` WHERE `id` = 1 LIMIT 1   [ RunTime:0.0004s ]
SQL: SHOW COLUMNS FROM `dudu_park_info` [ RunTime:0.0019s ]
SQL: SELECT `balance` FROM `dudu_park_info` WHERE `id` = 1 LIMIT 1   [ RunTime:0.0003s ]
SQL: UPDATE `dudu_park_info` SET `balance`=balance-0.20 WHERE `id` = 1 [ RunTime:0.0024s ]
INFO: [ view_parse ] --START--
INFO: [ template_filter ] --START--
INFO: Run Behavior\ContentReplaceBehavior [ RunTime:0.000031s ]
INFO: [ template_filter ] --END-- [ RunTime:0.000085s ]
INFO: Run Behavior\ParseTemplateBehavior [ RunTime:0.006568s ]
INFO: [ view_parse ] --END-- [ RunTime:0.006682s ]
INFO: [ view_filter ] --START--
INFO: Run Behavior\WriteHtmlCacheBehavior [ RunTime:0.000121s ]
INFO: [ view_filter ] --END-- [ RunTime:0.000144s ]
INFO: [ app_end ] --START--
INFO: Run Behavior\ShowPageTraceBehavior [ RunTime:0.000578s ]
INFO: [ app_end ] --END-- [ RunTime:0.000624s ]

[ 2015-03-18T18:31:05+08:00 ] ::1 /ddserver/admin.php/home/index/moneyreq
INFO: [ app_init ] --START--
INFO: Run Behavior\BuildLiteBehavior [ RunTime:0.000014s ]
INFO: [ app_init ] --END-- [ RunTime:0.000413s ]
INFO: [ app_begin ] --START--
INFO: Run Behavior\ReadHtmlCacheBehavior [ RunTime:0.000434s ]
INFO: [ app_begin ] --END-- [ RunTime:0.000483s ]
SQL: SHOW COLUMNS FROM `dudu_draw_money` [ RunTime:0.0030s ]
SQL: SELECT * FROM `dudu_draw_money` ORDER BY state,createtime desc  [ RunTime:0.0003s ]
SQL: SHOW COLUMNS FROM `dudu_park_info` [ RunTime:0.0018s ]
SQL: SELECT * FROM `dudu_park_info` WHERE `id` = 1 LIMIT 1   [ RunTime:0.0004s ]
INFO: [ view_parse ] --START--
INFO: [ template_filter ] --START--
INFO: Run Behavior\ContentReplaceBehavior [ RunTime:0.000067s ]
INFO: [ template_filter ] --END-- [ RunTime:0.000109s ]
NOTIC: [8] Undefined variable: meta_title /Applications/XAMPP/xamppfiles/htdocs/ddserver/Admin/Runtime/Cache/Home/dc0cbbd6d4a0c64f3e9f69e330d39820.php 第 5 行.
NOTIC: [8] Undefined variable: __MENU__ /Applications/XAMPP/xamppfiles/htdocs/ddserver/Admin/Runtime/Cache/Home/dc0cbbd6d4a0c64f3e9f69e330d39820.php 第 64 行.
INFO: Run Behavior\ParseTemplateBehavior [ RunTime:0.009370s ]
INFO: [ view_parse ] --END-- [ RunTime:0.009405s ]
INFO: [ view_filter ] --START--
INFO: Run Behavior\WriteHtmlCacheBehavior [ RunTime:0.000104s ]
INFO: [ view_filter ] --END-- [ RunTime:0.000126s ]
INFO: [ app_end ] --START--
INFO: Run Behavior\ShowPageTraceBehavior [ RunTime:0.000402s ]
INFO: [ app_end ] --END-- [ RunTime:0.000439s ]

[ 2015-03-18T18:39:56+08:00 ] ::1 /ddserver/admin.php/home/index/moneyreq
INFO: [ app_init ] --START--
INFO: Run Behavior\BuildLiteBehavior [ RunTime:0.000054s ]
INFO: [ app_init ] --END-- [ RunTime:0.000677s ]
INFO: [ app_begin ] --START--
INFO: Run Behavior\ReadHtmlCacheBehavior [ RunTime:0.000939s ]
INFO: [ app_begin ] --END-- [ RunTime:0.001017s ]
SQL: SHOW COLUMNS FROM `dudu_draw_money` [ RunTime:0.0013s ]
SQL: SELECT * FROM `dudu_draw_money` ORDER BY state,createtime desc  [ RunTime:0.0004s ]
SQL: SHOW COLUMNS FROM `dudu_park_info` [ RunTime:0.0022s ]
SQL: SELECT * FROM `dudu_park_info` WHERE `id` = 1 LIMIT 1   [ RunTime:0.0008s ]
INFO: [ view_parse ] --START--
INFO: [ template_filter ] --START--
INFO: Run Behavior\ContentReplaceBehavior [ RunTime:0.000102s ]
INFO: [ template_filter ] --END-- [ RunTime:0.000147s ]
NOTIC: [8] Undefined variable: meta_title /Applications/XAMPP/xamppfiles/htdocs/ddserver/Admin/Runtime/Cache/Home/dc0cbbd6d4a0c64f3e9f69e330d39820.php 第 5 行.
NOTIC: [8] Undefined variable: __MENU__ /Applications/XAMPP/xamppfiles/htdocs/ddserver/Admin/Runtime/Cache/Home/dc0cbbd6d4a0c64f3e9f69e330d39820.php 第 64 行.
INFO: Run Behavior\ParseTemplateBehavior [ RunTime:0.017213s ]
INFO: [ view_parse ] --END-- [ RunTime:0.017265s ]
INFO: [ view_filter ] --START--
INFO: Run Behavior\WriteHtmlCacheBehavior [ RunTime:0.000505s ]
INFO: [ view_filter ] --END-- [ RunTime:0.000541s ]
INFO: [ app_end ] --START--
INFO: Run Behavior\ShowPageTraceBehavior [ RunTime:0.000913s ]
INFO: [ app_end ] --END-- [ RunTime:0.000982s ]

[ 2015-03-18T18:39:58+08:00 ] ::1 /ddserver/admin.php/home/index/moneyreqdone/rid/1
INFO: [ app_init ] --START--
INFO: Run Behavior\BuildLiteBehavior [ RunTime:0.000015s ]
INFO: [ app_init ] --END-- [ RunTime:0.000322s ]
INFO: [ app_begin ] --START--
INFO: Run Behavior\ReadHtmlCacheBehavior [ RunTime:0.000313s ]
INFO: [ app_begin ] --END-- [ RunTime:0.000351s ]
SQL: SHOW COLUMNS FROM `dudu_draw_money` [ RunTime:0.0019s ]
SQL: UPDATE `dudu_draw_money` SET `state`='1',`updater`='a-1' WHERE `id` = 1 [ RunTime:0.0008s ]
SQL: SELECT * FROM `dudu_draw_money` WHERE `id` = 1 LIMIT 1   [ RunTime:0.0004s ]
SQL: SHOW COLUMNS FROM `dudu_park_info` [ RunTime:0.0026s ]
SQL: SELECT `balance` FROM `dudu_park_info` WHERE `id` = 1 LIMIT 1   [ RunTime:0.0005s ]
SQL: UPDATE `dudu_park_info` SET `balance`=balance-0.20 WHERE `id` = 1 [ RunTime:0.0008s ]
NOTIC: [2] mkdir(): Permission denied /Applications/XAMPP/xamppfiles/htdocs/ddserver/Admin/Home/Common/function.php 第 61 行.
NOTIC: [2] fopen(/ddserver/admin_20150318.csv): failed to open stream: No such file or directory /Applications/XAMPP/xamppfiles/htdocs/ddserver/Admin/Home/Common/function.php 第 64 行.
NOTIC: [2] fputcsv() expects parameter 1 to be resource, boolean given /Applications/XAMPP/xamppfiles/htdocs/ddserver/Admin/Home/Common/function.php 第 65 行.
NOTIC: [2] fclose() expects parameter 1 to be resource, boolean given /Applications/XAMPP/xamppfiles/htdocs/ddserver/Admin/Home/Common/function.php 第 66 行.
INFO: [ view_parse ] --START--
INFO: [ template_filter ] --START--
INFO: Run Behavior\ContentReplaceBehavior [ RunTime:0.000060s ]
INFO: [ template_filter ] --END-- [ RunTime:0.000147s ]
INFO: Run Behavior\ParseTemplateBehavior [ RunTime:0.007753s ]
INFO: [ view_parse ] --END-- [ RunTime:0.007817s ]
INFO: [ view_filter ] --START--
INFO: Run Behavior\WriteHtmlCacheBehavior [ RunTime:0.000152s ]
INFO: [ view_filter ] --END-- [ RunTime:0.000191s ]
INFO: [ app_end ] --START--
INFO: Run Behavior\ShowPageTraceBehavior [ RunTime:0.000391s ]
INFO: [ app_end ] --END-- [ RunTime:0.000423s ]

[ 2015-03-18T18:39:59+08:00 ] ::1 /ddserver/admin.php/home/index/moneyreq
INFO: [ app_init ] --START--
INFO: Run Behavior\BuildLiteBehavior [ RunTime:0.000009s ]
INFO: [ app_init ] --END-- [ RunTime:0.000212s ]
INFO: [ app_begin ] --START--
INFO: Run Behavior\ReadHtmlCacheBehavior [ RunTime:0.000324s ]
INFO: [ app_begin ] --END-- [ RunTime:0.000362s ]
SQL: SHOW COLUMNS FROM `dudu_draw_money` [ RunTime:0.0019s ]
SQL: SELECT * FROM `dudu_draw_money` ORDER BY state,createtime desc  [ RunTime:0.0006s ]
SQL: SHOW COLUMNS FROM `dudu_park_info` [ RunTime:0.0023s ]
SQL: SELECT * FROM `dudu_park_info` WHERE `id` = 1 LIMIT 1   [ RunTime:0.0005s ]
INFO: [ view_parse ] --START--
INFO: [ template_filter ] --START--
INFO: Run Behavior\ContentReplaceBehavior [ RunTime:0.000065s ]
INFO: [ template_filter ] --END-- [ RunTime:0.000105s ]
NOTIC: [8] Undefined variable: meta_title /Applications/XAMPP/xamppfiles/htdocs/ddserver/Admin/Runtime/Cache/Home/dc0cbbd6d4a0c64f3e9f69e330d39820.php 第 5 行.
NOTIC: [8] Undefined variable: __MENU__ /Applications/XAMPP/xamppfiles/htdocs/ddserver/Admin/Runtime/Cache/Home/dc0cbbd6d4a0c64f3e9f69e330d39820.php 第 64 行.
INFO: Run Behavior\ParseTemplateBehavior [ RunTime:0.009671s ]
INFO: [ view_parse ] --END-- [ RunTime:0.009723s ]
INFO: [ view_filter ] --START--
INFO: Run Behavior\WriteHtmlCacheBehavior [ RunTime:0.000142s ]
INFO: [ view_filter ] --END-- [ RunTime:0.000171s ]
INFO: [ app_end ] --START--
INFO: Run Behavior\ShowPageTraceBehavior [ RunTime:0.000459s ]
INFO: [ app_end ] --END-- [ RunTime:0.000508s ]

[ 2015-03-18T18:41:18+08:00 ] ::1 /ddserver/admin.php/home/index/moneyreq
INFO: [ app_init ] --START--
INFO: Run Behavior\BuildLiteBehavior [ RunTime:0.000024s ]
INFO: [ app_init ] --END-- [ RunTime:0.000965s ]
INFO: [ app_begin ] --START--
INFO: Run Behavior\ReadHtmlCacheBehavior [ RunTime:0.000741s ]
INFO: [ app_begin ] --END-- [ RunTime:0.000803s ]
SQL: SHOW COLUMNS FROM `dudu_draw_money` [ RunTime:0.0020s ]
SQL: SELECT * FROM `dudu_draw_money` ORDER BY state,createtime desc  [ RunTime:0.0004s ]
SQL: SHOW COLUMNS FROM `dudu_park_info` [ RunTime:0.0020s ]
SQL: SELECT * FROM `dudu_park_info` WHERE `id` = 1 LIMIT 1   [ RunTime:0.0008s ]
INFO: [ view_parse ] --START--
INFO: [ template_filter ] --START--
INFO: Run Behavior\ContentReplaceBehavior [ RunTime:0.000115s ]
INFO: [ template_filter ] --END-- [ RunTime:0.000180s ]
NOTIC: [8] Undefined variable: meta_title /Applications/XAMPP/xamppfiles/htdocs/ddserver/Admin/Runtime/Cache/Home/dc0cbbd6d4a0c64f3e9f69e330d39820.php 第 5 行.
NOTIC: [8] Undefined variable: __MENU__ /Applications/XAMPP/xamppfiles/htdocs/ddserver/Admin/Runtime/Cache/Home/dc0cbbd6d4a0c64f3e9f69e330d39820.php 第 64 行.
INFO: Run Behavior\ParseTemplateBehavior [ RunTime:0.015217s ]
INFO: [ view_parse ] --END-- [ RunTime:0.015262s ]
INFO: [ view_filter ] --START--
INFO: Run Behavior\WriteHtmlCacheBehavior [ RunTime:0.000549s ]
INFO: [ view_filter ] --END-- [ RunTime:0.000599s ]
INFO: [ app_end ] --START--
INFO: Run Behavior\ShowPageTraceBehavior [ RunTime:0.000815s ]
INFO: [ app_end ] --END-- [ RunTime:0.000870s ]

[ 2015-03-18T18:41:19+08:00 ] ::1 /ddserver/admin.php/home/index/moneyreqdone/rid/1
INFO: [ app_init ] --START--
INFO: Run Behavior\BuildLiteBehavior [ RunTime:0.000020s ]
INFO: [ app_init ] --END-- [ RunTime:0.000351s ]
INFO: [ app_begin ] --START--
INFO: Run Behavior\ReadHtmlCacheBehavior [ RunTime:0.000369s ]
INFO: [ app_begin ] --END-- [ RunTime:0.000422s ]
SQL: SHOW COLUMNS FROM `dudu_draw_money` [ RunTime:0.0019s ]
SQL: UPDATE `dudu_draw_money` SET `state`='1',`updater`='a-1' WHERE `id` = 1 [ RunTime:0.0003s ]
SQL: SELECT * FROM `dudu_draw_money` WHERE `id` = 1 LIMIT 1   [ RunTime:0.0004s ]
SQL: SHOW COLUMNS FROM `dudu_park_info` [ RunTime:0.0018s ]
SQL: SELECT `balance` FROM `dudu_park_info` WHERE `id` = 1 LIMIT 1   [ RunTime:0.0003s ]
SQL: UPDATE `dudu_park_info` SET `balance`=balance-0.20 WHERE `id` = 1 [ RunTime:0.0005s ]
NOTIC: [2] mkdir(): Permission denied /Applications/XAMPP/xamppfiles/htdocs/ddserver/Admin/Home/Common/function.php 第 61 行.
NOTIC: [2] fopen(/ddserver/Uploads/admin_20150318.csv): failed to open stream: No such file or directory /Applications/XAMPP/xamppfiles/htdocs/ddserver/Admin/Home/Common/function.php 第 64 行.
NOTIC: [2] fputcsv() expects parameter 1 to be resource, boolean given /Applications/XAMPP/xamppfiles/htdocs/ddserver/Admin/Home/Common/function.php 第 65 行.
NOTIC: [2] fclose() expects parameter 1 to be resource, boolean given /Applications/XAMPP/xamppfiles/htdocs/ddserver/Admin/Home/Common/function.php 第 66 行.
INFO: [ view_parse ] --START--
INFO: [ template_filter ] --START--
INFO: Run Behavior\ContentReplaceBehavior [ RunTime:0.000065s ]
INFO: [ template_filter ] --END-- [ RunTime:0.000156s ]
INFO: Run Behavior\ParseTemplateBehavior [ RunTime:0.007115s ]
INFO: [ view_parse ] --END-- [ RunTime:0.007183s ]
INFO: [ view_filter ] --START--
INFO: Run Behavior\WriteHtmlCacheBehavior [ RunTime:0.000243s ]
INFO: [ view_filter ] --END-- [ RunTime:0.000279s ]
INFO: [ app_end ] --START--
INFO: Run Behavior\ShowPageTraceBehavior [ RunTime:0.000536s ]
INFO: [ app_end ] --END-- [ RunTime:0.000580s ]

[ 2015-03-18T18:41:20+08:00 ] ::1 /ddserver/admin.php/home/index/moneyreq
INFO: [ app_init ] --START--
INFO: Run Behavior\BuildLiteBehavior [ RunTime:0.000009s ]
INFO: [ app_init ] --END-- [ RunTime:0.000210s ]
INFO: [ app_begin ] --START--
INFO: Run Behavior\ReadHtmlCacheBehavior [ RunTime:0.000306s ]
INFO: [ app_begin ] --END-- [ RunTime:0.000346s ]
SQL: SHOW COLUMNS FROM `dudu_draw_money` [ RunTime:0.0100s ]
SQL: SELECT * FROM `dudu_draw_money` ORDER BY state,createtime desc  [ RunTime:0.0006s ]
SQL: SHOW COLUMNS FROM `dudu_park_info` [ RunTime:0.0031s ]
SQL: SELECT * FROM `dudu_park_info` WHERE `id` = 1 LIMIT 1   [ RunTime:0.0004s ]
INFO: [ view_parse ] --START--
INFO: [ template_filter ] --START--
INFO: Run Behavior\ContentReplaceBehavior [ RunTime:0.000067s ]
INFO: [ template_filter ] --END-- [ RunTime:0.000106s ]
NOTIC: [8] Undefined variable: meta_title /Applications/XAMPP/xamppfiles/htdocs/ddserver/Admin/Runtime/Cache/Home/dc0cbbd6d4a0c64f3e9f69e330d39820.php 第 5 行.
NOTIC: [8] Undefined variable: __MENU__ /Applications/XAMPP/xamppfiles/htdocs/ddserver/Admin/Runtime/Cache/Home/dc0cbbd6d4a0c64f3e9f69e330d39820.php 第 64 行.
INFO: Run Behavior\ParseTemplateBehavior [ RunTime:0.008338s ]
INFO: [ view_parse ] --END-- [ RunTime:0.008412s ]
INFO: [ view_filter ] --START--
INFO: Run Behavior\WriteHtmlCacheBehavior [ RunTime:0.000252s ]
INFO: [ view_filter ] --END-- [ RunTime:0.000291s ]
INFO: [ app_end ] --START--
INFO: Run Behavior\ShowPageTraceBehavior [ RunTime:0.000540s ]
INFO: [ app_end ] --END-- [ RunTime:0.000596s ]

