[ 2015-03-08T14:57:45+08:00 ] ::1 /ddserver/admin.php/home/public/login
INFO: [ app_init ] --START--
INFO: Run Behavior\BuildLiteBehavior [ RunTime:0.000029s ]
INFO: [ app_init ] --END-- [ RunTime:0.000769s ]
INFO: [ app_begin ] --START--
INFO: Run Behavior\ReadHtmlCacheBehavior [ RunTime:0.000655s ]
INFO: [ app_begin ] --END-- [ RunTime:0.000778s ]
INFO: [ view_parse ] --START--
INFO: [ template_filter ] --START--
INFO: Run Behavior\ContentReplaceBehavior [ RunTime:0.000058s ]
INFO: [ template_filter ] --END-- [ RunTime:0.000148s ]
INFO: Run Behavior\ParseTemplateBehavior [ RunTime:0.008737s ]
INFO: [ view_parse ] --END-- [ RunTime:0.008825s ]
INFO: [ view_filter ] --START--
INFO: Run Behavior\WriteHtmlCacheBehavior [ RunTime:0.000237s ]
INFO: [ view_filter ] --END-- [ RunTime:0.000285s ]
INFO: [ app_end ] --START--
INFO: Run Behavior\ShowPageTraceBehavior [ RunTime:0.000508s ]
INFO: [ app_end ] --END-- [ RunTime:0.000564s ]

[ 2015-03-08T14:57:45+08:00 ] ::1 /ddserver/admin.php/home/public/verify
INFO: [ app_init ] --START--
INFO: Run Behavior\BuildLiteBehavior [ RunTime:0.000012s ]
INFO: [ app_init ] --END-- [ RunTime:0.000268s ]
INFO: [ app_begin ] --START--
INFO: Run Behavior\ReadHtmlCacheBehavior [ RunTime:0.000330s ]
INFO: [ app_begin ] --END-- [ RunTime:0.000372s ]
INFO: [ app_end ] --START--
INFO: Run Behavior\ShowPageTraceBehavior [ RunTime:0.000757s ]
INFO: [ app_end ] --END-- [ RunTime:0.000892s ]

[ 2015-03-08T14:58:34+08:00 ] ::1 /ddserver/admin.php/home/public/login
INFO: [ app_init ] --START--
INFO: Run Behavior\BuildLiteBehavior [ RunTime:0.000013s ]
INFO: [ app_init ] --END-- [ RunTime:0.000468s ]
INFO: [ app_begin ] --START--
INFO: Run Behavior\ReadHtmlCacheBehavior [ RunTime:0.000614s ]
INFO: [ app_begin ] --END-- [ RunTime:0.000652s ]
INFO: [ view_parse ] --START--
INFO: [ template_filter ] --START--
INFO: Run Behavior\ContentReplaceBehavior [ RunTime:0.000082s ]
INFO: [ template_filter ] --END-- [ RunTime:0.000167s ]
INFO: Run Behavior\ParseTemplateBehavior [ RunTime:0.006816s ]
INFO: [ view_parse ] --END-- [ RunTime:0.006857s ]
INFO: [ view_filter ] --START--
INFO: Run Behavior\WriteHtmlCacheBehavior [ RunTime:0.000347s ]
INFO: [ view_filter ] --END-- [ RunTime:0.000383s ]
INFO: [ app_end ] --START--
INFO: Run Behavior\ShowPageTraceBehavior [ RunTime:0.000723s ]
INFO: [ app_end ] --END-- [ RunTime:0.000787s ]

[ 2015-03-08T14:58:34+08:00 ] ::1 /ddserver/admin.php/home/public/verify
INFO: [ app_init ] --START--
INFO: Run Behavior\BuildLiteBehavior [ RunTime:0.000018s ]
INFO: [ app_init ] --END-- [ RunTime:0.000378s ]
INFO: [ app_begin ] --START--
INFO: Run Behavior\ReadHtmlCacheBehavior [ RunTime:0.000492s ]
INFO: [ app_begin ] --END-- [ RunTime:0.000549s ]
INFO: [ app_end ] --START--
INFO: Run Behavior\ShowPageTraceBehavior [ RunTime:0.000374s ]
INFO: [ app_end ] --END-- [ RunTime:0.000426s ]

[ 2015-03-08T14:58:41+08:00 ] ::1 /ddserver/admin.php/home/public/login
INFO: [ app_init ] --START--
INFO: Run Behavior\BuildLiteBehavior [ RunTime:0.000011s ]
INFO: [ app_init ] --END-- [ RunTime:0.000366s ]
INFO: [ app_begin ] --START--
INFO: Run Behavior\ReadHtmlCacheBehavior [ RunTime:0.000385s ]
INFO: [ app_begin ] --END-- [ RunTime:0.000465s ]
ERR: SQLSTATE[42S02]: Base table or view not found: 1146 Table 'dudu_parking.dudu_admin_auth' doesn't exist
NOTIC: [8] Use of undefined constant ONETHINK_VERSION - assumed 'ONETHINK_VERSION' /Applications/XAMPP/xamppfiles/htdocs/ddserver/Admin/Home/View/default/Public/exception.html 第 50 行.

[ 2015-03-08T15:38:13+08:00 ] ::1 /ddserver/admin.php/home/public/login
INFO: [ app_init ] --START--
INFO: Run Behavior\BuildLiteBehavior [ RunTime:0.000025s ]
INFO: [ app_init ] --END-- [ RunTime:0.001143s ]
INFO: [ app_begin ] --START--
INFO: Run Behavior\ReadHtmlCacheBehavior [ RunTime:0.001428s ]
INFO: [ app_begin ] --END-- [ RunTime:0.001569s ]
SQL: SHOW COLUMNS FROM `dudu_admin_auth` [ RunTime:0.0027s ]
SQL: SELECT * FROM `dudu_admin_auth` WHERE `username` = 'admin001' LIMIT 1   [ RunTime:0.0005s ]

[ 2015-03-08T15:38:13+08:00 ] ::1 /ddserver/admin.php/home/index/index
INFO: [ app_init ] --START--
INFO: Run Behavior\BuildLiteBehavior [ RunTime:0.000009s ]
INFO: [ app_init ] --END-- [ RunTime:0.000205s ]
INFO: [ app_begin ] --START--
INFO: Run Behavior\ReadHtmlCacheBehavior [ RunTime:0.000267s ]
INFO: [ app_begin ] --END-- [ RunTime:0.000297s ]
INFO: [ view_parse ] --START--
INFO: [ template_filter ] --START--
INFO: Run Behavior\ContentReplaceBehavior [ RunTime:0.000265s ]
INFO: [ template_filter ] --END-- [ RunTime:0.000320s ]
NOTIC: [8] Undefined variable: __MENU__ /Applications/XAMPP/xamppfiles/htdocs/ddserver/Admin/Runtime/Cache/Home/7f991c1dfec338bd4f6c37d5d06f6731.php 第 68 行.
NOTIC: [8] Use of undefined constant moneyReq - assumed 'moneyReq' /Applications/XAMPP/xamppfiles/htdocs/ddserver/Admin/Runtime/Cache/Home/7f991c1dfec338bd4f6c37d5d06f6731.php 第 116 行.
INFO: Run Behavior\ParseTemplateBehavior [ RunTime:0.018458s ]
INFO: [ view_parse ] --END-- [ RunTime:0.018510s ]
INFO: [ view_filter ] --START--
INFO: Run Behavior\WriteHtmlCacheBehavior [ RunTime:0.000470s ]
INFO: [ view_filter ] --END-- [ RunTime:0.000557s ]
INFO: [ app_end ] --START--
INFO: Run Behavior\ShowPageTraceBehavior [ RunTime:0.001007s ]
INFO: [ app_end ] --END-- [ RunTime:0.001127s ]

[ 2015-03-08T15:38:18+08:00 ] ::1 /ddserver/admin.php/home/index/moneyreq
INFO: [ app_init ] --START--
INFO: Run Behavior\BuildLiteBehavior [ RunTime:0.000015s ]
INFO: [ app_init ] --END-- [ RunTime:0.000245s ]
INFO: [ app_begin ] --START--
INFO: Run Behavior\ReadHtmlCacheBehavior [ RunTime:0.000287s ]
INFO: [ app_begin ] --END-- [ RunTime:0.000318s ]
SQL: SHOW COLUMNS FROM `dudu_draw_money` [ RunTime:0.0099s ]
SQL: SELECT * FROM `dudu_draw_money` ORDER BY state,createtime desc  [ RunTime:0.0009s ]
SQL: SHOW COLUMNS FROM `dudu_park_info` [ RunTime:0.0023s ]
SQL: SELECT * FROM `dudu_park_info` WHERE `id` = 1 LIMIT 1   [ RunTime:0.0014s ]
INFO: [ view_parse ] --START--
INFO: [ template_filter ] --START--
INFO: Run Behavior\ContentReplaceBehavior [ RunTime:0.000080s ]
INFO: [ template_filter ] --END-- [ RunTime:0.000127s ]
NOTIC: [8] Undefined variable: meta_title /Applications/XAMPP/xamppfiles/htdocs/ddserver/Admin/Runtime/Cache/Home/dc0cbbd6d4a0c64f3e9f69e330d39820.php 第 5 行.
NOTIC: [8] Undefined variable: __MENU__ /Applications/XAMPP/xamppfiles/htdocs/ddserver/Admin/Runtime/Cache/Home/dc0cbbd6d4a0c64f3e9f69e330d39820.php 第 64 行.
INFO: Run Behavior\ParseTemplateBehavior [ RunTime:0.011946s ]
INFO: [ view_parse ] --END-- [ RunTime:0.011996s ]
INFO: [ view_filter ] --START--
INFO: Run Behavior\WriteHtmlCacheBehavior [ RunTime:0.000138s ]
INFO: [ view_filter ] --END-- [ RunTime:0.000168s ]
INFO: [ app_end ] --START--
INFO: Run Behavior\ShowPageTraceBehavior [ RunTime:0.000468s ]
INFO: [ app_end ] --END-- [ RunTime:0.000522s ]

[ 2015-03-08T15:38:27+08:00 ] ::1 /ddserver/admin.php/home/index/undefined
INFO: [ app_init ] --START--
INFO: Run Behavior\BuildLiteBehavior [ RunTime:0.000014s ]
INFO: [ app_init ] --END-- [ RunTime:0.000244s ]
INFO: [ app_begin ] --START--
INFO: Run Behavior\ReadHtmlCacheBehavior [ RunTime:0.000283s ]
INFO: [ app_begin ] --END-- [ RunTime:0.000314s ]
ERR: 非法操作:undefined
NOTIC: [8] Use of undefined constant ONETHINK_VERSION - assumed 'ONETHINK_VERSION' /Applications/XAMPP/xamppfiles/htdocs/ddserver/Admin/Home/View/default/Public/exception.html 第 50 行.

[ 2015-03-08T15:44:48+08:00 ] ::1 /ddserver/admin.php/home/index/index
INFO: [ app_init ] --START--
INFO: Run Behavior\BuildLiteBehavior [ RunTime:0.000033s ]
INFO: [ app_init ] --END-- [ RunTime:0.000881s ]
INFO: [ app_begin ] --START--
INFO: Run Behavior\ReadHtmlCacheBehavior [ RunTime:0.001055s ]
INFO: [ app_begin ] --END-- [ RunTime:0.001131s ]
INFO: [ view_parse ] --START--
INFO: [ template_filter ] --START--
INFO: Run Behavior\ContentReplaceBehavior [ RunTime:0.000081s ]
INFO: [ template_filter ] --END-- [ RunTime:0.000134s ]
NOTIC: [8] Undefined variable: __MENU__ /Applications/XAMPP/xamppfiles/htdocs/ddserver/Admin/Runtime/Cache/Home/7f991c1dfec338bd4f6c37d5d06f6731.php 第 68 行.
NOTIC: [8] Use of undefined constant moneyReq - assumed 'moneyReq' /Applications/XAMPP/xamppfiles/htdocs/ddserver/Admin/Runtime/Cache/Home/7f991c1dfec338bd4f6c37d5d06f6731.php 第 116 行.
INFO: Run Behavior\ParseTemplateBehavior [ RunTime:0.016750s ]
INFO: [ view_parse ] --END-- [ RunTime:0.016808s ]
INFO: [ view_filter ] --START--
INFO: Run Behavior\WriteHtmlCacheBehavior [ RunTime:0.000536s ]
INFO: [ view_filter ] --END-- [ RunTime:0.000589s ]
INFO: [ app_end ] --START--
INFO: Run Behavior\ShowPageTraceBehavior [ RunTime:0.001789s ]
INFO: [ app_end ] --END-- [ RunTime:0.001889s ]

[ 2015-03-08T15:45:14+08:00 ] ::1 /ddserver/admin.php/home/index/index
INFO: [ app_init ] --START--
INFO: Run Behavior\BuildLiteBehavior [ RunTime:0.000017s ]
INFO: [ app_init ] --END-- [ RunTime:0.000409s ]
INFO: [ app_begin ] --START--
INFO: Run Behavior\ReadHtmlCacheBehavior [ RunTime:0.000414s ]
INFO: [ app_begin ] --END-- [ RunTime:0.000468s ]
INFO: [ view_parse ] --START--
INFO: [ template_filter ] --START--
INFO: Run Behavior\ContentReplaceBehavior [ RunTime:0.000094s ]
INFO: [ template_filter ] --END-- [ RunTime:0.000130s ]
NOTIC: [8] Undefined variable: __MENU__ /Applications/XAMPP/xamppfiles/htdocs/ddserver/Admin/Runtime/Cache/Home/7f991c1dfec338bd4f6c37d5d06f6731.php 第 68 行.
NOTIC: [8] Use of undefined constant moneyReq - assumed 'moneyReq' /Applications/XAMPP/xamppfiles/htdocs/ddserver/Admin/Runtime/Cache/Home/7f991c1dfec338bd4f6c37d5d06f6731.php 第 116 行.
INFO: Run Behavior\ParseTemplateBehavior [ RunTime:0.017000s ]
INFO: [ view_parse ] --END-- [ RunTime:0.017059s ]
INFO: [ view_filter ] --START--
INFO: Run Behavior\WriteHtmlCacheBehavior [ RunTime:0.000239s ]
INFO: [ view_filter ] --END-- [ RunTime:0.000282s ]
INFO: [ app_end ] --START--
INFO: Run Behavior\ShowPageTraceBehavior [ RunTime:0.000800s ]
INFO: [ app_end ] --END-- [ RunTime:0.000910s ]

[ 2015-03-08T15:45:16+08:00 ] ::1 /ddserver/admin.php/home/index/moneyreq
INFO: [ app_init ] --START--
INFO: Run Behavior\BuildLiteBehavior [ RunTime:0.000010s ]
INFO: [ app_init ] --END-- [ RunTime:0.000218s ]
INFO: [ app_begin ] --START--
INFO: Run Behavior\ReadHtmlCacheBehavior [ RunTime:0.000268s ]
INFO: [ app_begin ] --END-- [ RunTime:0.000297s ]
SQL: SHOW COLUMNS FROM `dudu_draw_money` [ RunTime:0.0035s ]
SQL: SELECT * FROM `dudu_draw_money` ORDER BY state,createtime desc  [ RunTime:0.0007s ]
SQL: SHOW COLUMNS FROM `dudu_park_info` [ RunTime:0.0016s ]
SQL: SELECT * FROM `dudu_park_info` WHERE `id` = 1 LIMIT 1   [ RunTime:0.0008s ]
INFO: [ view_parse ] --START--
INFO: [ template_filter ] --START--
INFO: Run Behavior\ContentReplaceBehavior [ RunTime:0.000122s ]
INFO: [ template_filter ] --END-- [ RunTime:0.000177s ]
NOTIC: [8] Undefined variable: meta_title /Applications/XAMPP/xamppfiles/htdocs/ddserver/Admin/Runtime/Cache/Home/dc0cbbd6d4a0c64f3e9f69e330d39820.php 第 5 行.
NOTIC: [8] Undefined variable: __MENU__ /Applications/XAMPP/xamppfiles/htdocs/ddserver/Admin/Runtime/Cache/Home/dc0cbbd6d4a0c64f3e9f69e330d39820.php 第 64 行.
INFO: Run Behavior\ParseTemplateBehavior [ RunTime:0.011570s ]
INFO: [ view_parse ] --END-- [ RunTime:0.011631s ]
INFO: [ view_filter ] --START--
INFO: Run Behavior\WriteHtmlCacheBehavior [ RunTime:0.000162s ]
INFO: [ view_filter ] --END-- [ RunTime:0.000194s ]
INFO: [ app_end ] --START--
INFO: Run Behavior\ShowPageTraceBehavior [ RunTime:0.000696s ]
INFO: [ app_end ] --END-- [ RunTime:0.000785s ]

[ 2015-03-08T15:45:18+08:00 ] ::1 /ddserver/admin.php/home/index/moneyreq
INFO: [ app_init ] --START--
INFO: Run Behavior\BuildLiteBehavior [ RunTime:0.000012s ]
INFO: [ app_init ] --END-- [ RunTime:0.000259s ]
INFO: [ app_begin ] --START--
INFO: Run Behavior\ReadHtmlCacheBehavior [ RunTime:0.000497s ]
INFO: [ app_begin ] --END-- [ RunTime:0.000560s ]
SQL: SHOW COLUMNS FROM `dudu_draw_money` [ RunTime:0.0090s ]
SQL: SELECT * FROM `dudu_draw_money` ORDER BY state,createtime desc  [ RunTime:0.0004s ]
SQL: SHOW COLUMNS FROM `dudu_park_info` [ RunTime:0.0025s ]
SQL: SELECT * FROM `dudu_park_info` WHERE `id` = 1 LIMIT 1   [ RunTime:0.0006s ]
INFO: [ view_parse ] --START--
INFO: [ template_filter ] --START--
INFO: Run Behavior\ContentReplaceBehavior [ RunTime:0.000082s ]
INFO: [ template_filter ] --END-- [ RunTime:0.000133s ]
NOTIC: [8] Undefined variable: meta_title /Applications/XAMPP/xamppfiles/htdocs/ddserver/Admin/Runtime/Cache/Home/dc0cbbd6d4a0c64f3e9f69e330d39820.php 第 5 行.
NOTIC: [8] Undefined variable: __MENU__ /Applications/XAMPP/xamppfiles/htdocs/ddserver/Admin/Runtime/Cache/Home/dc0cbbd6d4a0c64f3e9f69e330d39820.php 第 64 行.
INFO: Run Behavior\ParseTemplateBehavior [ RunTime:0.009622s ]
INFO: [ view_parse ] --END-- [ RunTime:0.009669s ]
INFO: [ view_filter ] --START--
INFO: Run Behavior\WriteHtmlCacheBehavior [ RunTime:0.000124s ]
INFO: [ view_filter ] --END-- [ RunTime:0.000148s ]
INFO: [ app_end ] --START--
INFO: Run Behavior\ShowPageTraceBehavior [ RunTime:0.000387s ]
INFO: [ app_end ] --END-- [ RunTime:0.000423s ]

[ 2015-03-08T15:45:40+08:00 ] ::1 /ddserver/admin.php/home/index/reqdone/rid/1
INFO: [ app_init ] --START--
INFO: Run Behavior\BuildLiteBehavior [ RunTime:0.000019s ]
INFO: [ app_init ] --END-- [ RunTime:0.000391s ]
INFO: [ app_begin ] --START--
INFO: Run Behavior\ReadHtmlCacheBehavior [ RunTime:0.000532s ]
INFO: [ app_begin ] --END-- [ RunTime:0.000615s ]
SQL: SHOW COLUMNS FROM `dudu_draw_money` [ RunTime:0.0015s ]
SQL: UPDATE `dudu_draw_money` SET `state`='1',`updater`='a-1' WHERE `id` = 1 [ RunTime:0.0012s ]
INFO: [ view_parse ] --START--
INFO: [ template_filter ] --START--
INFO: Run Behavior\ContentReplaceBehavior [ RunTime:0.000031s ]
INFO: [ template_filter ] --END-- [ RunTime:0.000090s ]
INFO: Run Behavior\ParseTemplateBehavior [ RunTime:0.005482s ]
INFO: [ view_parse ] --END-- [ RunTime:0.005555s ]
INFO: [ view_filter ] --START--
INFO: Run Behavior\WriteHtmlCacheBehavior [ RunTime:0.000105s ]
INFO: [ view_filter ] --END-- [ RunTime:0.000137s ]
INFO: [ app_end ] --START--
INFO: Run Behavior\ShowPageTraceBehavior [ RunTime:0.000427s ]
INFO: [ app_end ] --END-- [ RunTime:0.000465s ]

[ 2015-03-08T15:45:41+08:00 ] ::1 /ddserver/admin.php/home/index/moneyreq
INFO: [ app_init ] --START--
INFO: Run Behavior\BuildLiteBehavior [ RunTime:0.000008s ]
INFO: [ app_init ] --END-- [ RunTime:0.000211s ]
INFO: [ app_begin ] --START--
INFO: Run Behavior\ReadHtmlCacheBehavior [ RunTime:0.000268s ]
INFO: [ app_begin ] --END-- [ RunTime:0.000308s ]
SQL: SHOW COLUMNS FROM `dudu_draw_money` [ RunTime:0.0016s ]
SQL: SELECT * FROM `dudu_draw_money` ORDER BY state,createtime desc  [ RunTime:0.0003s ]
SQL: SHOW COLUMNS FROM `dudu_park_info` [ RunTime:0.0017s ]
SQL: SELECT * FROM `dudu_park_info` WHERE `id` = 1 LIMIT 1   [ RunTime:0.0006s ]
INFO: [ view_parse ] --START--
INFO: [ template_filter ] --START--
INFO: Run Behavior\ContentReplaceBehavior [ RunTime:0.000095s ]
INFO: [ template_filter ] --END-- [ RunTime:0.000139s ]
NOTIC: [8] Undefined variable: meta_title /Applications/XAMPP/xamppfiles/htdocs/ddserver/Admin/Runtime/Cache/Home/dc0cbbd6d4a0c64f3e9f69e330d39820.php 第 5 行.
NOTIC: [8] Undefined variable: __MENU__ /Applications/XAMPP/xamppfiles/htdocs/ddserver/Admin/Runtime/Cache/Home/dc0cbbd6d4a0c64f3e9f69e330d39820.php 第 64 行.
INFO: Run Behavior\ParseTemplateBehavior [ RunTime:0.009600s ]
INFO: [ view_parse ] --END-- [ RunTime:0.009733s ]
INFO: [ view_filter ] --START--
INFO: Run Behavior\WriteHtmlCacheBehavior [ RunTime:0.000319s ]
INFO: [ view_filter ] --END-- [ RunTime:0.000358s ]
INFO: [ app_end ] --START--
INFO: Run Behavior\ShowPageTraceBehavior [ RunTime:0.000703s ]
INFO: [ app_end ] --END-- [ RunTime:0.000792s ]

[ 2015-03-08T15:45:42+08:00 ] ::1 /ddserver/admin.php/home/index/undefined
INFO: [ app_init ] --START--
INFO: Run Behavior\BuildLiteBehavior [ RunTime:0.000012s ]
INFO: [ app_init ] --END-- [ RunTime:0.000288s ]
INFO: [ app_begin ] --START--
INFO: Run Behavior\ReadHtmlCacheBehavior [ RunTime:0.000354s ]
INFO: [ app_begin ] --END-- [ RunTime:0.000393s ]
ERR: 非法操作:undefined
NOTIC: [8] Use of undefined constant ONETHINK_VERSION - assumed 'ONETHINK_VERSION' /Applications/XAMPP/xamppfiles/htdocs/ddserver/Admin/Home/View/default/Public/exception.html 第 50 行.

[ 2015-03-08T15:45:46+08:00 ] ::1 /ddserver/admin.php/home/index/undefined
INFO: [ app_init ] --START--
INFO: Run Behavior\BuildLiteBehavior [ RunTime:0.000009s ]
INFO: [ app_init ] --END-- [ RunTime:0.000211s ]
INFO: [ app_begin ] --START--
INFO: Run Behavior\ReadHtmlCacheBehavior [ RunTime:0.000265s ]
INFO: [ app_begin ] --END-- [ RunTime:0.000295s ]
ERR: 非法操作:undefined
NOTIC: [8] Use of undefined constant ONETHINK_VERSION - assumed 'ONETHINK_VERSION' /Applications/XAMPP/xamppfiles/htdocs/ddserver/Admin/Home/View/default/Public/exception.html 第 50 行.

[ 2015-03-08T15:46:32+08:00 ] ::1 /ddserver/admin.php/home/index/moneyreq
INFO: [ app_init ] --START--
INFO: Run Behavior\BuildLiteBehavior [ RunTime:0.000017s ]
INFO: [ app_init ] --END-- [ RunTime:0.000568s ]
INFO: [ app_begin ] --START--
INFO: Run Behavior\ReadHtmlCacheBehavior [ RunTime:0.000594s ]
INFO: [ app_begin ] --END-- [ RunTime:0.000638s ]
SQL: SHOW COLUMNS FROM `dudu_draw_money` [ RunTime:0.0018s ]
SQL: SELECT * FROM `dudu_draw_money` ORDER BY state,createtime desc  [ RunTime:0.0003s ]
SQL: SHOW COLUMNS FROM `dudu_park_info` [ RunTime:0.0017s ]
SQL: SELECT * FROM `dudu_park_info` WHERE `id` = 1 LIMIT 1   [ RunTime:0.0005s ]
INFO: [ view_parse ] --START--
INFO: [ template_filter ] --START--
INFO: Run Behavior\ContentReplaceBehavior [ RunTime:0.000092s ]
INFO: [ template_filter ] --END-- [ RunTime:0.000154s ]
NOTIC: [8] Undefined variable: meta_title /Applications/XAMPP/xamppfiles/htdocs/ddserver/Admin/Runtime/Cache/Home/dc0cbbd6d4a0c64f3e9f69e330d39820.php 第 5 行.
NOTIC: [8] Undefined variable: __MENU__ /Applications/XAMPP/xamppfiles/htdocs/ddserver/Admin/Runtime/Cache/Home/dc0cbbd6d4a0c64f3e9f69e330d39820.php 第 64 行.
INFO: Run Behavior\ParseTemplateBehavior [ RunTime:0.014920s ]
INFO: [ view_parse ] --END-- [ RunTime:0.014987s ]
INFO: [ view_filter ] --START--
INFO: Run Behavior\WriteHtmlCacheBehavior [ RunTime:0.000436s ]
INFO: [ view_filter ] --END-- [ RunTime:0.000488s ]
INFO: [ app_end ] --START--
INFO: Run Behavior\ShowPageTraceBehavior [ RunTime:0.000878s ]
INFO: [ app_end ] --END-- [ RunTime:0.000947s ]

[ 2015-03-08T15:46:37+08:00 ] ::1 /ddserver/admin.php/home/index/moneyreq
INFO: [ app_init ] --START--
INFO: Run Behavior\BuildLiteBehavior [ RunTime:0.000040s ]
INFO: [ app_init ] --END-- [ RunTime:0.001172s ]
INFO: [ app_begin ] --START--
INFO: Run Behavior\ReadHtmlCacheBehavior [ RunTime:0.000451s ]
INFO: [ app_begin ] --END-- [ RunTime:0.000510s ]
SQL: SHOW COLUMNS FROM `dudu_draw_money` [ RunTime:0.0090s ]
SQL: SELECT * FROM `dudu_draw_money` ORDER BY state,createtime desc  [ RunTime:0.0004s ]
SQL: SHOW COLUMNS FROM `dudu_park_info` [ RunTime:0.0025s ]
SQL: SELECT * FROM `dudu_park_info` WHERE `id` = 1 LIMIT 1   [ RunTime:0.0005s ]
INFO: [ view_parse ] --START--
INFO: [ template_filter ] --START--
INFO: Run Behavior\ContentReplaceBehavior [ RunTime:0.000140s ]
INFO: [ template_filter ] --END-- [ RunTime:0.000221s ]
NOTIC: [8] Undefined variable: meta_title /Applications/XAMPP/xamppfiles/htdocs/ddserver/Admin/Runtime/Cache/Home/dc0cbbd6d4a0c64f3e9f69e330d39820.php 第 5 行.
NOTIC: [8] Undefined variable: __MENU__ /Applications/XAMPP/xamppfiles/htdocs/ddserver/Admin/Runtime/Cache/Home/dc0cbbd6d4a0c64f3e9f69e330d39820.php 第 64 行.
INFO: Run Behavior\ParseTemplateBehavior [ RunTime:0.020529s ]
INFO: [ view_parse ] --END-- [ RunTime:0.020636s ]
INFO: [ view_filter ] --START--
INFO: Run Behavior\WriteHtmlCacheBehavior [ RunTime:0.000177s ]
INFO: [ view_filter ] --END-- [ RunTime:0.000226s ]
INFO: [ app_end ] --START--
INFO: Run Behavior\ShowPageTraceBehavior [ RunTime:0.000721s ]
INFO: [ app_end ] --END-- [ RunTime:0.000806s ]

[ 2015-03-08T15:47:21+08:00 ] ::1 /ddserver/admin.php/home/index/index
INFO: [ app_init ] --START--
INFO: Run Behavior\BuildLiteBehavior [ RunTime:0.000009s ]
INFO: [ app_init ] --END-- [ RunTime:0.000231s ]
INFO: [ app_begin ] --START--
INFO: Run Behavior\ReadHtmlCacheBehavior [ RunTime:0.000603s ]
INFO: [ app_begin ] --END-- [ RunTime:0.000653s ]
INFO: [ view_parse ] --START--
INFO: [ template_filter ] --START--
INFO: Run Behavior\ContentReplaceBehavior [ RunTime:0.000096s ]
INFO: [ template_filter ] --END-- [ RunTime:0.000162s ]
NOTIC: [8] Undefined variable: __MENU__ /Applications/XAMPP/xamppfiles/htdocs/ddserver/Admin/Runtime/Cache/Home/7f991c1dfec338bd4f6c37d5d06f6731.php 第 68 行.
NOTIC: [8] Use of undefined constant moneyReq - assumed 'moneyReq' /Applications/XAMPP/xamppfiles/htdocs/ddserver/Admin/Runtime/Cache/Home/7f991c1dfec338bd4f6c37d5d06f6731.php 第 116 行.
INFO: Run Behavior\ParseTemplateBehavior [ RunTime:0.010818s ]
INFO: [ view_parse ] --END-- [ RunTime:0.010862s ]
INFO: [ view_filter ] --START--
INFO: Run Behavior\WriteHtmlCacheBehavior [ RunTime:0.000112s ]
INFO: [ view_filter ] --END-- [ RunTime:0.000134s ]
INFO: [ app_end ] --START--
INFO: Run Behavior\ShowPageTraceBehavior [ RunTime:0.000387s ]
INFO: [ app_end ] --END-- [ RunTime:0.000421s ]

[ 2015-03-08T15:47:22+08:00 ] ::1 /ddserver/admin.php/home/index/moneyreq
INFO: [ app_init ] --START--
INFO: Run Behavior\BuildLiteBehavior [ RunTime:0.000010s ]
INFO: [ app_init ] --END-- [ RunTime:0.000216s ]
INFO: [ app_begin ] --START--
INFO: Run Behavior\ReadHtmlCacheBehavior [ RunTime:0.000270s ]
INFO: [ app_begin ] --END-- [ RunTime:0.000298s ]
SQL: SHOW COLUMNS FROM `dudu_draw_money` [ RunTime:0.0028s ]
SQL: SELECT * FROM `dudu_draw_money` ORDER BY state,createtime desc  [ RunTime:0.0004s ]
SQL: SHOW COLUMNS FROM `dudu_park_info` [ RunTime:0.0016s ]
SQL: SELECT * FROM `dudu_park_info` WHERE `id` = 1 LIMIT 1   [ RunTime:0.0004s ]
INFO: [ view_parse ] --START--
INFO: [ template_filter ] --START--
INFO: Run Behavior\ContentReplaceBehavior [ RunTime:0.000061s ]
INFO: [ template_filter ] --END-- [ RunTime:0.000098s ]
NOTIC: [8] Undefined variable: meta_title /Applications/XAMPP/xamppfiles/htdocs/ddserver/Admin/Runtime/Cache/Home/dc0cbbd6d4a0c64f3e9f69e330d39820.php 第 5 行.
NOTIC: [8] Undefined variable: __MENU__ /Applications/XAMPP/xamppfiles/htdocs/ddserver/Admin/Runtime/Cache/Home/dc0cbbd6d4a0c64f3e9f69e330d39820.php 第 64 行.
INFO: Run Behavior\ParseTemplateBehavior [ RunTime:0.006547s ]
INFO: [ view_parse ] --END-- [ RunTime:0.006581s ]
INFO: [ view_filter ] --START--
INFO: Run Behavior\WriteHtmlCacheBehavior [ RunTime:0.000137s ]
INFO: [ view_filter ] --END-- [ RunTime:0.000230s ]
INFO: [ app_end ] --START--
INFO: Run Behavior\ShowPageTraceBehavior [ RunTime:0.000383s ]
INFO: [ app_end ] --END-- [ RunTime:0.000420s ]

[ 2015-03-08T15:47:23+08:00 ] ::1 /ddserver/admin.php/home/index/index
INFO: [ app_init ] --START--
INFO: Run Behavior\BuildLiteBehavior [ RunTime:0.000012s ]
INFO: [ app_init ] --END-- [ RunTime:0.000379s ]
INFO: [ app_begin ] --START--
INFO: Run Behavior\ReadHtmlCacheBehavior [ RunTime:0.000359s ]
INFO: [ app_begin ] --END-- [ RunTime:0.000400s ]
INFO: [ view_parse ] --START--
INFO: [ template_filter ] --START--
INFO: Run Behavior\ContentReplaceBehavior [ RunTime:0.000060s ]
INFO: [ template_filter ] --END-- [ RunTime:0.000099s ]
NOTIC: [8] Undefined variable: __MENU__ /Applications/XAMPP/xamppfiles/htdocs/ddserver/Admin/Runtime/Cache/Home/7f991c1dfec338bd4f6c37d5d06f6731.php 第 68 行.
NOTIC: [8] Use of undefined constant moneyReq - assumed 'moneyReq' /Applications/XAMPP/xamppfiles/htdocs/ddserver/Admin/Runtime/Cache/Home/7f991c1dfec338bd4f6c37d5d06f6731.php 第 116 行.
INFO: Run Behavior\ParseTemplateBehavior [ RunTime:0.007930s ]
INFO: [ view_parse ] --END-- [ RunTime:0.007996s ]
INFO: [ view_filter ] --START--
INFO: Run Behavior\WriteHtmlCacheBehavior [ RunTime:0.000279s ]
INFO: [ view_filter ] --END-- [ RunTime:0.000326s ]
INFO: [ app_end ] --START--
INFO: Run Behavior\ShowPageTraceBehavior [ RunTime:0.000563s ]
INFO: [ app_end ] --END-- [ RunTime:0.000630s ]

[ 2015-03-08T16:29:20+08:00 ] ::1 /ddserver/admin.php/home/index/index
INFO: [ app_init ] --START--
INFO: Run Behavior\BuildLiteBehavior [ RunTime:0.000019s ]
INFO: [ app_init ] --END-- [ RunTime:0.001824s ]
INFO: [ app_begin ] --START--
INFO: Run Behavior\ReadHtmlCacheBehavior [ RunTime:0.001450s ]
INFO: [ app_begin ] --END-- [ RunTime:0.001561s ]
INFO: [ view_parse ] --START--
INFO: [ template_filter ] --START--
INFO: Run Behavior\ContentReplaceBehavior [ RunTime:0.000096s ]
INFO: [ template_filter ] --END-- [ RunTime:0.000140s ]
NOTIC: [8] Undefined variable: __MENU__ /Applications/XAMPP/xamppfiles/htdocs/ddserver/Admin/Runtime/Cache/Home/7f991c1dfec338bd4f6c37d5d06f6731.php 第 68 行.
NOTIC: [8] Use of undefined constant moneyReq - assumed 'moneyReq' /Applications/XAMPP/xamppfiles/htdocs/ddserver/Admin/Runtime/Cache/Home/7f991c1dfec338bd4f6c37d5d06f6731.php 第 116 行.
INFO: Run Behavior\ParseTemplateBehavior [ RunTime:0.019402s ]
INFO: [ view_parse ] --END-- [ RunTime:0.019466s ]
INFO: [ view_filter ] --START--
INFO: Run Behavior\WriteHtmlCacheBehavior [ RunTime:0.000496s ]
INFO: [ view_filter ] --END-- [ RunTime:0.000548s ]
INFO: [ app_end ] --START--
INFO: Run Behavior\ShowPageTraceBehavior [ RunTime:0.001302s ]
INFO: [ app_end ] --END-- [ RunTime:0.001405s ]

[ 2015-03-08T16:30:23+08:00 ] ::1 /ddserver/admin.php/home/index/moneyreq
INFO: [ app_init ] --START--
INFO: Run Behavior\BuildLiteBehavior [ RunTime:0.000026s ]
INFO: [ app_init ] --END-- [ RunTime:0.000679s ]
INFO: [ app_begin ] --START--
INFO: Run Behavior\ReadHtmlCacheBehavior [ RunTime:0.000657s ]
INFO: [ app_begin ] --END-- [ RunTime:0.000723s ]
SQL: SHOW COLUMNS FROM `dudu_draw_money` [ RunTime:0.0307s ]
SQL: SELECT * FROM `dudu_draw_money` ORDER BY state,createtime desc  [ RunTime:0.0019s ]
SQL: SHOW COLUMNS FROM `dudu_park_info` [ RunTime:0.0019s ]
SQL: SELECT * FROM `dudu_park_info` WHERE `id` = 1 LIMIT 1   [ RunTime:0.0057s ]
INFO: [ view_parse ] --START--
INFO: [ template_filter ] --START--
INFO: Run Behavior\ContentReplaceBehavior [ RunTime:0.000065s ]
INFO: [ template_filter ] --END-- [ RunTime:0.000101s ]
NOTIC: [8] Undefined variable: meta_title /Applications/XAMPP/xamppfiles/htdocs/ddserver/Admin/Runtime/Cache/Home/dc0cbbd6d4a0c64f3e9f69e330d39820.php 第 5 行.
NOTIC: [8] Undefined variable: __MENU__ /Applications/XAMPP/xamppfiles/htdocs/ddserver/Admin/Runtime/Cache/Home/dc0cbbd6d4a0c64f3e9f69e330d39820.php 第 64 行.
INFO: Run Behavior\ParseTemplateBehavior [ RunTime:0.009750s ]
INFO: [ view_parse ] --END-- [ RunTime:0.009811s ]
INFO: [ view_filter ] --START--
INFO: Run Behavior\WriteHtmlCacheBehavior [ RunTime:0.000141s ]
INFO: [ view_filter ] --END-- [ RunTime:0.000172s ]
INFO: [ app_end ] --START--
INFO: Run Behavior\ShowPageTraceBehavior [ RunTime:0.000739s ]
INFO: [ app_end ] --END-- [ RunTime:0.000818s ]

[ 2015-03-08T16:30:59+08:00 ] ::1 /ddserver/admin.php/home/index/moneyreq
INFO: [ app_init ] --START--
INFO: Run Behavior\BuildLiteBehavior [ RunTime:0.000015s ]
INFO: [ app_init ] --END-- [ RunTime:0.000341s ]
INFO: [ app_begin ] --START--
INFO: Run Behavior\ReadHtmlCacheBehavior [ RunTime:0.000470s ]
INFO: [ app_begin ] --END-- [ RunTime:0.000535s ]
SQL: SHOW COLUMNS FROM `dudu_draw_money` [ RunTime:0.0019s ]
SQL: SELECT * FROM `dudu_draw_money` ORDER BY state,createtime desc  [ RunTime:0.0004s ]
SQL: SHOW COLUMNS FROM `dudu_park_info` [ RunTime:0.0013s ]
SQL: SELECT * FROM `dudu_park_info` WHERE `id` = 1 LIMIT 1   [ RunTime:0.0004s ]
INFO: [ view_parse ] --START--
INFO: [ template_filter ] --START--
INFO: Run Behavior\ContentReplaceBehavior [ RunTime:0.000077s ]
INFO: [ template_filter ] --END-- [ RunTime:0.000118s ]
NOTIC: [8] Undefined variable: meta_title /Applications/XAMPP/xamppfiles/htdocs/ddserver/Admin/Runtime/Cache/Home/dc0cbbd6d4a0c64f3e9f69e330d39820.php 第 5 行.
NOTIC: [8] Undefined variable: __MENU__ /Applications/XAMPP/xamppfiles/htdocs/ddserver/Admin/Runtime/Cache/Home/dc0cbbd6d4a0c64f3e9f69e330d39820.php 第 64 行.
INFO: Run Behavior\ParseTemplateBehavior [ RunTime:0.009521s ]
INFO: [ view_parse ] --END-- [ RunTime:0.009569s ]
INFO: [ view_filter ] --START--
INFO: Run Behavior\WriteHtmlCacheBehavior [ RunTime:0.000135s ]
INFO: [ view_filter ] --END-- [ RunTime:0.000158s ]
INFO: [ app_end ] --START--
INFO: Run Behavior\ShowPageTraceBehavior [ RunTime:0.000601s ]
INFO: [ app_end ] --END-- [ RunTime:0.000664s ]

[ 2015-03-08T16:31:02+08:00 ] ::1 /ddserver/admin.php/home/index/moneyreq
INFO: [ app_init ] --START--
INFO: Run Behavior\BuildLiteBehavior [ RunTime:0.000015s ]
INFO: [ app_init ] --END-- [ RunTime:0.000366s ]
INFO: [ app_begin ] --START--
INFO: Run Behavior\ReadHtmlCacheBehavior [ RunTime:0.000448s ]
INFO: [ app_begin ] --END-- [ RunTime:0.000498s ]
SQL: SHOW COLUMNS FROM `dudu_draw_money` [ RunTime:0.0015s ]
SQL: SELECT * FROM `dudu_draw_money` ORDER BY state,createtime desc  [ RunTime:0.0003s ]
SQL: SHOW COLUMNS FROM `dudu_park_info` [ RunTime:0.0013s ]
SQL: SELECT * FROM `dudu_park_info` WHERE `id` = 1 LIMIT 1   [ RunTime:0.0006s ]
INFO: [ view_parse ] --START--
INFO: [ template_filter ] --START--
INFO: Run Behavior\ContentReplaceBehavior [ RunTime:0.000256s ]
INFO: [ template_filter ] --END-- [ RunTime:0.000320s ]
NOTIC: [8] Undefined variable: meta_title /Applications/XAMPP/xamppfiles/htdocs/ddserver/Admin/Runtime/Cache/Home/dc0cbbd6d4a0c64f3e9f69e330d39820.php 第 5 行.
NOTIC: [8] Undefined variable: __MENU__ /Applications/XAMPP/xamppfiles/htdocs/ddserver/Admin/Runtime/Cache/Home/dc0cbbd6d4a0c64f3e9f69e330d39820.php 第 64 行.
INFO: Run Behavior\ParseTemplateBehavior [ RunTime:0.008822s ]
INFO: [ view_parse ] --END-- [ RunTime:0.008882s ]
INFO: [ view_filter ] --START--
INFO: Run Behavior\WriteHtmlCacheBehavior [ RunTime:0.000151s ]
INFO: [ view_filter ] --END-- [ RunTime:0.000181s ]
INFO: [ app_end ] --START--
INFO: Run Behavior\ShowPageTraceBehavior [ RunTime:0.000690s ]
INFO: [ app_end ] --END-- [ RunTime:0.000770s ]

